kernel_name = _Z11hotspotOpt1PfS_S_fiiifffffff 
kernel_launch_uid = 1 

Kernel Average Power Data:
kernel_avg_power = 50.7703
gpu_avg_IBP, = 0.0148824
gpu_avg_ICP, = 0.139019
gpu_avg_DCP, = 1.39671
gpu_avg_TCP, = 0
gpu_avg_CCP, = 0
gpu_avg_SHRDP, = 0
gpu_avg_RFP, = 4.64699
gpu_avg_INTP, = 0.0577783
gpu_avg_FPUP, = 0.417963
gpu_avg_DPUP, = 0
gpu_avg_INT_MUL24P, = 0
gpu_avg_INT_MUL32P, = 2.1434
gpu_avg_INT_MULP, = 0
gpu_avg_INT_DIVP, = 0
gpu_avg_FP_MULP, = 1.9903
gpu_avg_FP_DIVP, = 0
gpu_avg_FP_SQRTP, = 0
gpu_avg_FP_LGP, = 0
gpu_avg_FP_SINP, = 0
gpu_avg_FP_EXP, = 0
gpu_avg_DP_MULP, = 0
gpu_avg_DP_DIVP, = 0
gpu_avg_TENSORP, = 0
gpu_avg_TEXP, = 0
gpu_avg_SCHEDP, = 0.209409
gpu_avg_L2CP, = 7.1286
gpu_avg_MCP, = 2.61375
gpu_avg_NOCP, = 4.73206
gpu_avg_DRAMP, = 19.5011
gpu_avg_PIPEP, = 4.58894
gpu_avg_IDLE_COREP, = 0.189318
gpu_avg_CONSTP = 1
gpu_avg_STATICP = 0
gpu_avg_TOT_INST, = 6863.11
gpu_avg_FP_INT, = 6358.47
gpu_avg_IC_H, = 3424.9
gpu_avg_IC_M, = 6.65708
gpu_avg_DC_RH, = 461.735
gpu_avg_DC_RM, = 488.38
gpu_avg_DC_WH, = 0
gpu_avg_DC_WM, = 134.569
gpu_avg_TC_H, = 0
gpu_avg_TC_M, = 0
gpu_avg_CC_H, = 0
gpu_avg_CC_M, = 0
gpu_avg_SHRD_ACC, = 0
gpu_avg_REG_RD, = 354729
gpu_avg_REG_WR, = 191137
gpu_avg_NON_REG_OPs, = 75898
gpu_avg_INT_ACC, = 85048.8
gpu_avg_FPU_ACC, = 15071.9
gpu_avg_DPU_ACC, = 0
gpu_avg_INT_MUL24_ACC, = 0
gpu_avg_INT_MUL32_ACC, = 37679.8
gpu_avg_INT_MUL_ACC, = 0
gpu_avg_INT_DIV_ACC, = 0
gpu_avg_FP_MUL_ACC, = 34988.4
gpu_avg_FP_DIV_ACC, = 0
gpu_avg_FP_SQRT_ACC, = 0
gpu_avg_FP_LG_ACC, = 0
gpu_avg_FP_SIN_ACC, = 0
gpu_avg_FP_EXP_ACC, = 0
gpu_avg_DP_MUL_ACC, = 0
gpu_avg_DP_DIV_ACC, = 0
gpu_avg_TENSOR_ACC, = 0
gpu_avg_TEX_ACC, = 0
gpu_avg_MEM_RD, = 1080.16
gpu_avg_MEM_WR, = 260.698
gpu_avg_MEM_PRE, = 280.922
gpu_avg_L2_RH, = 1313.24
gpu_avg_L2_RM, = 1080.16
gpu_avg_L2_WH, = 0
gpu_avg_L2_WM, = 538.267
gpu_avg_NOC_A, = 4068.32
gpu_avg_PIPE_A, = 0.448569
gpu_avg_IDLE_CORE_N, = 0.119068
gpu_avg_constant_power = 0
gpu_avg_threads_per_warp = 31.9343
gpu_tot_TOT_INST, = 3.34234e+06
gpu_tot_FP_INT, = 3.09658e+06
gpu_tot_IC_H, = 1.66793e+06
gpu_tot_IC_M, = 3242
gpu_tot_DC_RH, = 224865
gpu_tot_DC_RM, = 237841
gpu_tot_DC_WH, = 0
gpu_tot_DC_WM, = 65535
gpu_tot_TC_H, = 0
gpu_tot_TC_M, = 0
gpu_tot_CC_H, = 0
gpu_tot_CC_M, = 0
gpu_tot_SHRD_ACC, = 0
gpu_tot_REG_RD, = 1.72753e+08
gpu_tot_REG_WR, = 9.30836e+07
gpu_tot_NON_REG_OPs, = 3.69623e+07
gpu_tot_INT_ACC, = 4.14188e+07
gpu_tot_FPU_ACC, = 7.34003e+06
gpu_tot_DPU_ACC, = 0
gpu_tot_INT_MUL24_ACC, = 0
gpu_tot_INT_MUL32_ACC, = 1.83501e+07
gpu_tot_INT_MUL_ACC, = 0
gpu_tot_INT_DIV_ACC, = 0
gpu_tot_FP_MUL_ACC, = 1.70394e+07
gpu_tot_FP_DIV_ACC, = 0
gpu_tot_FP_SQRT_ACC, = 0
gpu_tot_FP_LG_ACC, = 0
gpu_tot_FP_SIN_ACC, = 0
gpu_tot_FP_EXP_ACC, = 0
gpu_tot_DP_MUL_ACC, = 0
gpu_tot_DP_DIV_ACC, = 0
gpu_tot_TENSOR_ACC, = 0
gpu_tot_TEX_ACC, = 0
gpu_tot_MEM_RD, = 526036
gpu_tot_MEM_WR, = 126960
gpu_tot_MEM_PRE, = 136809
gpu_tot_L2_RH, = 639548
gpu_tot_L2_RM, = 526036
gpu_tot_L2_WH, = 0
gpu_tot_L2_WM, = 262136
gpu_tot_NOC_A, = 1.98127e+06
gpu_tot_PIPE_A, = 218.453
gpu_tot_IDLE_CORE_N, = 57.986
gpu_tot_constant_power = 0

Kernel Maximum Power Data:
kernel_max_power = 62.5669
gpu_max_IBP, = 0.0209907
gpu_max_ICP, = 0.249886
gpu_max_DCP, = 1.07349
gpu_max_TCP, = 0
gpu_max_CCP, = 0
gpu_max_SHRDP, = 0
gpu_max_RFP, = 5.70231
gpu_max_INTP, = 0.0876966
gpu_max_FPUP, = 0.687733
gpu_max_DPUP, = 0
gpu_max_INT_MUL24P, = 0
gpu_max_INT_MUL32P, = 4.09568
gpu_max_INT_MULP, = 0
gpu_max_INT_DIVP, = 0
gpu_max_FP_MULP, = 1.95865
gpu_max_FP_DIVP, = 0
gpu_max_FP_SQRTP, = 0
gpu_max_FP_LGP, = 0
gpu_max_FP_SINP, = 0
gpu_max_FP_EXP, = 0
gpu_max_DP_MULP, = 0
gpu_max_DP_DIVP, = 0
gpu_max_TENSORP, = 0
gpu_max_TEXP, = 0
gpu_max_SCHEDP, = 0.293308
gpu_max_L2CP, = 10.9244
gpu_max_MCP, = 2.62751
gpu_max_NOCP, = 5.44702
gpu_max_DRAMP, = 22.0964
gpu_max_PIPEP, = 6.30178
gpu_max_IDLE_COREP, = 0
gpu_max_CONSTP = 1
gpu_max_STATICP = 0
gpu_max_TOT_INST, = 9680
gpu_max_FP_INT, = 8906
gpu_max_IC_H, = 4753
gpu_max_IC_M, = 53
gpu_max_DC_RH, = 224
gpu_max_DC_RM, = 400
gpu_max_DC_WH, = 0
gpu_max_DC_WM, = 268
gpu_max_TC_H, = 0
gpu_max_TC_M, = 0
gpu_max_CC_H, = 0
gpu_max_CC_M, = 0
gpu_max_SHRD_ACC, = 0
gpu_max_REG_RD, = 493824
gpu_max_REG_WR, = 272416
gpu_max_NON_REG_OPs, = 80832
gpu_max_INT_ACC, = 129088
gpu_max_FPU_ACC, = 24800
gpu_max_DPU_ACC, = 0
gpu_max_INT_MUL24_ACC, = 0
gpu_max_INT_MUL32_ACC, = 72000
gpu_max_INT_MUL_ACC, = 0
gpu_max_INT_DIV_ACC, = 0
gpu_max_FP_MUL_ACC, = 34432
gpu_max_FP_DIV_ACC, = 0
gpu_max_FP_SQRT_ACC, = 0
gpu_max_FP_LG_ACC, = 0
gpu_max_FP_SIN_ACC, = 0
gpu_max_FP_EXP_ACC, = 0
gpu_max_DP_MUL_ACC, = 0
gpu_max_DP_DIV_ACC, = 0
gpu_max_TENSOR_ACC, = 0
gpu_max_TEX_ACC, = 0
gpu_max_MEM_RD, = 1419
gpu_max_MEM_WR, = 0
gpu_max_MEM_PRE, = 130
gpu_max_L2_RH, = 724
gpu_max_L2_RM, = 1132
gpu_max_L2_WH, = 0
gpu_max_L2_WM, = 1069
gpu_max_NOC_A, = 4683
gpu_max_PIPE_A, = 0.616
gpu_max_IDLE_CORE_N, = 0
gpu_max_constant_power = 0

Kernel Minimum Power Data:
kernel_min_power = 3.71682
gpu_min_IBP, = 0.00325269
gpu_min_ICP, = 0.635037
gpu_min_DCP, = 0
gpu_min_TCP, = 0
gpu_min_CCP, = 0
gpu_min_SHRDP, = 0
gpu_min_RFP, = 0.51904
gpu_min_INTP, = 0
gpu_min_FPUP, = 0
gpu_min_DPUP, = 0
gpu_min_INT_MUL24P, = 0
gpu_min_INT_MUL32P, = 0
gpu_min_INT_MULP, = 0
gpu_min_INT_DIVP, = 0
gpu_min_FP_MULP, = 0
gpu_min_FP_DIVP, = 0
gpu_min_FP_SQRTP, = 0
gpu_min_FP_LGP, = 0
gpu_min_FP_SINP, = 0
gpu_min_FP_EXP, = 0
gpu_min_DP_MULP, = 0
gpu_min_DP_DIVP, = 0
gpu_min_TENSORP, = 0
gpu_min_TEXP, = 0
gpu_min_SCHEDP, = 0.0494007
gpu_min_L2CP, = 0.0979828
gpu_min_MCP, = 1.18049
gpu_min_NOCP, = 0.104683
gpu_min_DRAMP, = 0.0792354
gpu_min_PIPEP, = 0
gpu_min_IDLE_COREP, = 0.0476996
gpu_min_CONSTP = 1
gpu_min_STATICP = 0
gpu_min_TOT_INST, = 1500
gpu_min_FP_INT, = 1500
gpu_min_IC_H, = 270
gpu_min_IC_M, = 480
gpu_min_DC_RH, = 0
gpu_min_DC_RM, = 0
gpu_min_DC_WH, = 0
gpu_min_DC_WM, = 0
gpu_min_TC_H, = 0
gpu_min_TC_M, = 0
gpu_min_CC_H, = 0
gpu_min_CC_M, = 0
gpu_min_SHRD_ACC, = 0
gpu_min_REG_RD, = 0
gpu_min_REG_WR, = 0
gpu_min_NON_REG_OPs, = 16320
gpu_min_INT_ACC, = 0
gpu_min_FPU_ACC, = 0
gpu_min_DPU_ACC, = 0
gpu_min_INT_MUL24_ACC, = 0
gpu_min_INT_MUL32_ACC, = 0
gpu_min_INT_MUL_ACC, = 0
gpu_min_INT_DIV_ACC, = 0
gpu_min_FP_MUL_ACC, = 0
gpu_min_FP_DIV_ACC, = 0
gpu_min_FP_SQRT_ACC, = 0
gpu_min_FP_LG_ACC, = 0
gpu_min_FP_SIN_ACC, = 0
gpu_min_FP_EXP_ACC, = 0
gpu_min_DP_MUL_ACC, = 0
gpu_min_DP_DIV_ACC, = 0
gpu_min_TENSOR_ACC, = 0
gpu_min_TEX_ACC, = 0
gpu_min_MEM_RD, = 5
gpu_min_MEM_WR, = 0
gpu_min_MEM_PRE, = 1
gpu_min_L2_RH, = 58
gpu_min_L2_RM, = 6
gpu_min_L2_WH, = 0
gpu_min_L2_WM, = 0
gpu_min_NOC_A, = 90
gpu_min_PIPE_A, = 0
gpu_min_IDLE_CORE_N, = 0.0299997
gpu_min_constant_power = 0

Accumulative Power Statistics Over Previous Kernels:
gpu_tot_avg_power = 50.7703
gpu_tot_max_power = 62.5669
gpu_tot_min_power = 3.71682


kernel_name = _Z11hotspotOpt1PfS_S_fiiifffffff 
kernel_launch_uid = 2 

Kernel Average Power Data:
kernel_avg_power = 51.0677
gpu_avg_IBP, = 0.0149438
gpu_avg_ICP, = 0.131146
gpu_avg_DCP, = 1.39775
gpu_avg_TCP, = 0
gpu_avg_CCP, = 0
gpu_avg_SHRDP, = 0
gpu_avg_RFP, = 4.66683
gpu_avg_INTP, = 0.0580166
gpu_avg_FPUP, = 0.419683
gpu_avg_DPUP, = 0
gpu_avg_INT_MUL24P, = 0
gpu_avg_INT_MUL32P, = 2.15224
gpu_avg_INT_MULP, = 0
gpu_avg_INT_DIVP, = 0
gpu_avg_FP_MULP, = 1.9985
gpu_avg_FP_DIVP, = 0
gpu_avg_FP_SQRTP, = 0
gpu_avg_FP_LGP, = 0
gpu_avg_FP_SINP, = 0
gpu_avg_FP_EXP, = 0
gpu_avg_DP_MULP, = 0
gpu_avg_DP_DIVP, = 0
gpu_avg_TENSORP, = 0
gpu_avg_TEXP, = 0
gpu_avg_SCHEDP, = 0.210272
gpu_avg_L2CP, = 7.18488
gpu_avg_MCP, = 2.62728
gpu_avg_NOCP, = 4.7742
gpu_avg_DRAMP, = 19.6276
gpu_avg_PIPEP, = 4.60504
gpu_avg_IDLE_COREP, = 0.199337
gpu_avg_CONSTP = 1
gpu_avg_STATICP = 0
gpu_avg_TOT_INST, = 6891.41
gpu_avg_FP_INT, = 6384.69
gpu_avg_IC_H, = 3445.7
gpu_avg_IC_M, = 0
gpu_avg_DC_RH, = 459.398
gpu_avg_DC_RM, = 492.078
gpu_avg_DC_WH, = 0
gpu_avg_DC_WM, = 135.124
gpu_avg_TC_H, = 0
gpu_avg_TC_M, = 0
gpu_avg_CC_H, = 0
gpu_avg_CC_M, = 0
gpu_avg_SHRD_ACC, = 0
gpu_avg_REG_RD, = 356191
gpu_avg_REG_WR, = 192115
gpu_avg_NON_REG_OPs, = 76210.9
gpu_avg_INT_ACC, = 85399.5
gpu_avg_FPU_ACC, = 15134
gpu_avg_DPU_ACC, = 0
gpu_avg_INT_MUL24_ACC, = 0
gpu_avg_INT_MUL32_ACC, = 37835.2
gpu_avg_INT_MUL_ACC, = 0
gpu_avg_INT_DIV_ACC, = 0
gpu_avg_FP_MUL_ACC, = 35132.6
gpu_avg_FP_DIV_ACC, = 0
gpu_avg_FP_SQRT_ACC, = 0
gpu_avg_FP_LG_ACC, = 0
gpu_avg_FP_SIN_ACC, = 0
gpu_avg_FP_EXP_ACC, = 0
gpu_avg_DP_MUL_ACC, = 0
gpu_avg_DP_DIV_ACC, = 0
gpu_avg_TENSOR_ACC, = 0
gpu_avg_TEX_ACC, = 0
gpu_avg_MEM_RD, = 1084.21
gpu_avg_MEM_WR, = 270.144
gpu_avg_MEM_PRE, = 274.546
gpu_avg_L2_RH, = 1334.64
gpu_avg_L2_RM, = 1084.21
gpu_avg_L2_WH, = 0
gpu_avg_L2_WM, = 540.487
gpu_avg_NOC_A, = 4104.55
gpu_avg_PIPE_A, = 0.450144
gpu_avg_IDLE_CORE_N, = 0.125369
gpu_avg_constant_power = 0
gpu_avg_threads_per_warp = 32
gpu_tot_TOT_INST, = 3.34233e+06
gpu_tot_FP_INT, = 3.09657e+06
gpu_tot_IC_H, = 1.67117e+06
gpu_tot_IC_M, = 0
gpu_tot_DC_RH, = 222808
gpu_tot_DC_RM, = 238658
gpu_tot_DC_WH, = 0
gpu_tot_DC_WM, = 65535
gpu_tot_TC_H, = 0
gpu_tot_TC_M, = 0
gpu_tot_CC_H, = 0
gpu_tot_CC_M, = 0
gpu_tot_SHRD_ACC, = 0
gpu_tot_REG_RD, = 1.72752e+08
gpu_tot_REG_WR, = 9.31757e+07
gpu_tot_NON_REG_OPs, = 3.69623e+07
gpu_tot_INT_ACC, = 4.14188e+07
gpu_tot_FPU_ACC, = 7.33997e+06
gpu_tot_DPU_ACC, = 0
gpu_tot_INT_MUL24_ACC, = 0
gpu_tot_INT_MUL32_ACC, = 1.83501e+07
gpu_tot_INT_MUL_ACC, = 0
gpu_tot_INT_DIV_ACC, = 0
gpu_tot_FP_MUL_ACC, = 1.70393e+07
gpu_tot_FP_DIV_ACC, = 0
gpu_tot_FP_SQRT_ACC, = 0
gpu_tot_FP_LG_ACC, = 0
gpu_tot_FP_SIN_ACC, = 0
gpu_tot_FP_EXP_ACC, = 0
gpu_tot_DP_MUL_ACC, = 0
gpu_tot_DP_DIV_ACC, = 0
gpu_tot_TENSOR_ACC, = 0
gpu_tot_TEX_ACC, = 0
gpu_tot_MEM_RD, = 525844
gpu_tot_MEM_WR, = 131020
gpu_tot_MEM_PRE, = 133155
gpu_tot_L2_RH, = 647300
gpu_tot_L2_RM, = 525844
gpu_tot_L2_WH, = 0
gpu_tot_L2_WM, = 262136
gpu_tot_NOC_A, = 1.99071e+06
gpu_tot_PIPE_A, = 218.32
gpu_tot_IDLE_CORE_N, = 60.804
gpu_tot_constant_power = 0

Kernel Maximum Power Data:
kernel_max_power = 59.4946
gpu_max_IBP, = 0.0184276
gpu_max_ICP, = 0.16191
gpu_max_DCP, = 1.19307
gpu_max_TCP, = 0
gpu_max_CCP, = 0
gpu_max_SHRDP, = 0
gpu_max_RFP, = 5.29746
gpu_max_INTP, = 0.0757617
gpu_max_FPUP, = 0.316801
gpu_max_DPUP, = 0
gpu_max_INT_MUL24P, = 0
gpu_max_INT_MUL32P, = 2.99986
gpu_max_INT_MULP, = 0
gpu_max_INT_DIVP, = 0
gpu_max_FP_MULP, = 2.36275
gpu_max_FP_DIVP, = 0
gpu_max_FP_SQRTP, = 0
gpu_max_FP_LGP, = 0
gpu_max_FP_SINP, = 0
gpu_max_FP_EXP, = 0
gpu_max_DP_MULP, = 0
gpu_max_DP_DIVP, = 0
gpu_max_TENSORP, = 0
gpu_max_TEXP, = 0
gpu_max_SCHEDP, = 0.267324
gpu_max_L2CP, = 7.62781
gpu_max_MCP, = 3.00936
gpu_max_NOCP, = 5.14577
gpu_max_DRAMP, = 24.5792
gpu_max_PIPEP, = 5.43904
gpu_max_IDLE_COREP, = 0
gpu_max_CONSTP = 1
gpu_max_STATICP = 0
gpu_max_TOT_INST, = 8498
gpu_max_FP_INT, = 8117
gpu_max_IC_H, = 4254
gpu_max_IC_M, = 0
gpu_max_DC_RH, = 280
gpu_max_DC_RM, = 522
gpu_max_DC_WH, = 0
gpu_max_DC_WM, = 173
gpu_max_TC_H, = 0
gpu_max_TC_M, = 0
gpu_max_CC_H, = 0
gpu_max_CC_M, = 0
gpu_max_SHRD_ACC, = 0
gpu_max_REG_RD, = 438976
gpu_max_REG_WR, = 234496
gpu_max_NON_REG_OPs, = 79904
gpu_max_INT_ACC, = 111520
gpu_max_FPU_ACC, = 11424
gpu_max_DPU_ACC, = 0
gpu_max_INT_MUL24_ACC, = 0
gpu_max_INT_MUL32_ACC, = 52736
gpu_max_INT_MUL_ACC, = 0
gpu_max_INT_DIV_ACC, = 0
gpu_max_FP_MUL_ACC, = 41536
gpu_max_FP_DIV_ACC, = 0
gpu_max_FP_SQRT_ACC, = 0
gpu_max_FP_LG_ACC, = 0
gpu_max_FP_SIN_ACC, = 0
gpu_max_FP_EXP_ACC, = 0
gpu_max_DP_MUL_ACC, = 0
gpu_max_DP_DIV_ACC, = 0
gpu_max_TENSOR_ACC, = 0
gpu_max_TEX_ACC, = 0
gpu_max_MEM_RD, = 1347
gpu_max_MEM_WR, = 445
gpu_max_MEM_PRE, = 51
gpu_max_L2_RH, = 1227
gpu_max_L2_RM, = 1190
gpu_max_L2_WH, = 0
gpu_max_L2_WM, = 609
gpu_max_NOC_A, = 4424
gpu_max_PIPE_A, = 0.531667
gpu_max_IDLE_CORE_N, = 0
gpu_max_constant_power = 0

Kernel Minimum Power Data:
kernel_min_power = 17.045
gpu_min_IBP, = 0.00186054
gpu_min_ICP, = 0.01629
gpu_min_DCP, = 0.300452
gpu_min_TCP, = 0
gpu_min_CCP, = 0
gpu_min_SHRDP, = 0
gpu_min_RFP, = 0.553575
gpu_min_INTP, = 0.00554354
gpu_min_FPUP, = 0.095839
gpu_min_DPUP, = 0
gpu_min_INT_MUL24P, = 0
gpu_min_INT_MUL32P, = 0.167468
gpu_min_INT_MULP, = 0
gpu_min_INT_DIVP, = 0
gpu_min_FP_MULP, = 0.404107
gpu_min_FP_DIVP, = 0
gpu_min_FP_SQRTP, = 0
gpu_min_FP_LGP, = 0
gpu_min_FP_SINP, = 0
gpu_min_FP_EXP, = 0
gpu_min_DP_MULP, = 0
gpu_min_DP_DIVP, = 0
gpu_min_TENSORP, = 0
gpu_min_TEXP, = 0
gpu_min_SCHEDP, = 0.0254908
gpu_min_L2CP, = 1.67165
gpu_min_MCP, = 1.47252
gpu_min_NOCP, = 0.931682
gpu_min_DRAMP, = 3.73384
gpu_min_PIPEP, = 0.632225
gpu_min_IDLE_COREP, = 6.03246
gpu_min_CONSTP = 1
gpu_min_STATICP = 0
gpu_min_TOT_INST, = 858
gpu_min_FP_INT, = 774
gpu_min_IC_H, = 428
gpu_min_IC_M, = 0
gpu_min_DC_RH, = 101
gpu_min_DC_RM, = 91
gpu_min_DC_WH, = 0
gpu_min_DC_WM, = 41
gpu_min_TC_H, = 0
gpu_min_TC_M, = 0
gpu_min_CC_H, = 0
gpu_min_CC_M, = 0
gpu_min_SHRD_ACC, = 0
gpu_min_REG_RD, = 52096
gpu_min_REG_WR, = 24864
gpu_min_NON_REG_OPs, = 7456
gpu_min_INT_ACC, = 8160
gpu_min_FPU_ACC, = 3456
gpu_min_DPU_ACC, = 0
gpu_min_INT_MUL24_ACC, = 0
gpu_min_INT_MUL32_ACC, = 2944
gpu_min_INT_MUL_ACC, = 0
gpu_min_INT_DIV_ACC, = 0
gpu_min_FP_MUL_ACC, = 7104
gpu_min_FP_DIV_ACC, = 0
gpu_min_FP_SQRT_ACC, = 0
gpu_min_FP_LG_ACC, = 0
gpu_min_FP_SIN_ACC, = 0
gpu_min_FP_EXP_ACC, = 0
gpu_min_DP_MUL_ACC, = 0
gpu_min_DP_DIV_ACC, = 0
gpu_min_TENSOR_ACC, = 0
gpu_min_TEX_ACC, = 0
gpu_min_MEM_RD, = 201
gpu_min_MEM_WR, = 66
gpu_min_MEM_PRE, = 35
gpu_min_L2_RH, = 204
gpu_min_L2_RM, = 199
gpu_min_L2_WH, = 0
gpu_min_L2_WM, = 146
gpu_min_NOC_A, = 801
gpu_min_PIPE_A, = 0.0618001
gpu_min_IDLE_CORE_N, = 3.794
gpu_min_constant_power = 0

Accumulative Power Statistics Over Previous Kernels:
gpu_tot_avg_power = 50.9187
gpu_tot_max_power = 62.5669
gpu_tot_min_power = 3.71682


kernel_name = _Z11hotspotOpt1PfS_S_fiiifffffff 
kernel_launch_uid = 3 

Kernel Average Power Data:
kernel_avg_power = 51.438
gpu_avg_IBP, = 0.0150681
gpu_avg_ICP, = 0.132237
gpu_avg_DCP, = 1.41293
gpu_avg_TCP, = 0
gpu_avg_CCP, = 0
gpu_avg_SHRDP, = 0
gpu_avg_RFP, = 4.70487
gpu_avg_INTP, = 0.058499
gpu_avg_FPUP, = 0.42318
gpu_avg_DPUP, = 0
gpu_avg_INT_MUL24P, = 0
gpu_avg_INT_MUL32P, = 2.17013
gpu_avg_INT_MULP, = 0
gpu_avg_INT_DIVP, = 0
gpu_avg_FP_MULP, = 2.01513
gpu_avg_FP_DIVP, = 0
gpu_avg_FP_SQRTP, = 0
gpu_avg_FP_LGP, = 0
gpu_avg_FP_SINP, = 0
gpu_avg_FP_EXP, = 0
gpu_avg_DP_MULP, = 0
gpu_avg_DP_DIVP, = 0
gpu_avg_TENSORP, = 0
gpu_avg_TEXP, = 0
gpu_avg_SCHEDP, = 0.212021
gpu_avg_L2CP, = 7.20595
gpu_avg_MCP, = 2.63973
gpu_avg_NOCP, = 4.78043
gpu_avg_DRAMP, = 19.8192
gpu_avg_PIPEP, = 4.64388
gpu_avg_IDLE_COREP, = 0.204776
gpu_avg_CONSTP = 1
gpu_avg_STATICP = 0
gpu_avg_TOT_INST, = 6948.73
gpu_avg_FP_INT, = 6437.79
gpu_avg_IC_H, = 3474.37
gpu_avg_IC_M, = 0
gpu_avg_DC_RH, = 468.996
gpu_avg_DC_RM, = 491.254
gpu_avg_DC_WH, = 0
gpu_avg_DC_WM, = 136.254
gpu_avg_TC_H, = 0
gpu_avg_TC_M, = 0
gpu_avg_CC_H, = 0
gpu_avg_CC_M, = 0
gpu_avg_SHRD_ACC, = 0
gpu_avg_REG_RD, = 359155
gpu_avg_REG_WR, = 193494
gpu_avg_NON_REG_OPs, = 76844.7
gpu_avg_INT_ACC, = 86109.7
gpu_avg_FPU_ACC, = 15260.1
gpu_avg_DPU_ACC, = 0
gpu_avg_INT_MUL24_ACC, = 0
gpu_avg_INT_MUL32_ACC, = 38149.9
gpu_avg_INT_MUL_ACC, = 0
gpu_avg_INT_DIV_ACC, = 0
gpu_avg_FP_MUL_ACC, = 35425
gpu_avg_FP_DIV_ACC, = 0
gpu_avg_FP_SQRT_ACC, = 0
gpu_avg_FP_LG_ACC, = 0
gpu_avg_FP_SIN_ACC, = 0
gpu_avg_FP_EXP_ACC, = 0
gpu_avg_DP_MUL_ACC, = 0
gpu_avg_DP_DIV_ACC, = 0
gpu_avg_TENSOR_ACC, = 0
gpu_avg_TEX_ACC, = 0
gpu_avg_MEM_RD, = 1093.36
gpu_avg_MEM_WR, = 272.599
gpu_avg_MEM_PRE, = 286.486
gpu_avg_L2_RH, = 1322.53
gpu_avg_L2_RM, = 1093.36
gpu_avg_L2_WH, = 0
gpu_avg_L2_WM, = 545.023
gpu_avg_NOC_A, = 4109.9
gpu_avg_PIPE_A, = 0.45394
gpu_avg_IDLE_CORE_N, = 0.12879
gpu_avg_constant_power = 0
gpu_avg_threads_per_warp = 32
gpu_tot_TOT_INST, = 3.34234e+06
gpu_tot_FP_INT, = 3.09658e+06
gpu_tot_IC_H, = 1.67117e+06
gpu_tot_IC_M, = 0
gpu_tot_DC_RH, = 225587
gpu_tot_DC_RM, = 236293
gpu_tot_DC_WH, = 0
gpu_tot_DC_WM, = 65538
gpu_tot_TC_H, = 0
gpu_tot_TC_M, = 0
gpu_tot_CC_H, = 0
gpu_tot_CC_M, = 0
gpu_tot_SHRD_ACC, = 0
gpu_tot_REG_RD, = 1.72753e+08
gpu_tot_REG_WR, = 9.30704e+07
gpu_tot_NON_REG_OPs, = 3.69623e+07
gpu_tot_INT_ACC, = 4.14188e+07
gpu_tot_FPU_ACC, = 7.3401e+06
gpu_tot_DPU_ACC, = 0
gpu_tot_INT_MUL24_ACC, = 0
gpu_tot_INT_MUL32_ACC, = 1.83501e+07
gpu_tot_INT_MUL_ACC, = 0
gpu_tot_INT_DIV_ACC, = 0
gpu_tot_FP_MUL_ACC, = 1.70394e+07
gpu_tot_FP_DIV_ACC, = 0
gpu_tot_FP_SQRT_ACC, = 0
gpu_tot_FP_LG_ACC, = 0
gpu_tot_FP_SIN_ACC, = 0
gpu_tot_FP_EXP_ACC, = 0
gpu_tot_DP_MUL_ACC, = 0
gpu_tot_DP_DIV_ACC, = 0
gpu_tot_TENSOR_ACC, = 0
gpu_tot_TEX_ACC, = 0
gpu_tot_MEM_RD, = 525908
gpu_tot_MEM_WR, = 131120
gpu_tot_MEM_PRE, = 137800
gpu_tot_L2_RH, = 636136
gpu_tot_L2_RM, = 525908
gpu_tot_L2_WH, = 0
gpu_tot_L2_WM, = 262156
gpu_tot_NOC_A, = 1.97686e+06
gpu_tot_PIPE_A, = 218.345
gpu_tot_IDLE_CORE_N, = 61.948
gpu_tot_constant_power = 0

Kernel Maximum Power Data:
kernel_max_power = 61.3065
gpu_max_IBP, = 0.0179766
gpu_max_ICP, = 0.157609
gpu_max_DCP, = 1.58598
gpu_max_TCP, = 0
gpu_max_CCP, = 0
gpu_max_SHRDP, = 0
gpu_max_RFP, = 5.32206
gpu_max_INTP, = 0.068979
gpu_max_FPUP, = 0.558173
gpu_max_DPUP, = 0
gpu_max_INT_MUL24P, = 0
gpu_max_INT_MUL32P, = 2.7705
gpu_max_INT_MULP, = 0
gpu_max_INT_DIVP, = 0
gpu_max_FP_MULP, = 2.36821
gpu_max_FP_DIVP, = 0
gpu_max_FP_SQRTP, = 0
gpu_max_FP_LGP, = 0
gpu_max_FP_SINP, = 0
gpu_max_FP_EXP, = 0
gpu_max_DP_MULP, = 0
gpu_max_DP_DIVP, = 0
gpu_max_TENSORP, = 0
gpu_max_TEXP, = 0
gpu_max_SCHEDP, = 0.252174
gpu_max_L2CP, = 8.21646
gpu_max_MCP, = 2.99282
gpu_max_NOCP, = 5.48192
gpu_max_DRAMP, = 25.0508
gpu_max_PIPEP, = 5.46291
gpu_max_IDLE_COREP, = 0
gpu_max_CONSTP = 1
gpu_max_STATICP = 0
gpu_max_TOT_INST, = 8290
gpu_max_FP_INT, = 7657
gpu_max_IC_H, = 4141
gpu_max_IC_M, = 0
gpu_max_DC_RH, = 503
gpu_max_DC_RM, = 564
gpu_max_DC_WH, = 0
gpu_max_DC_WM, = 174
gpu_max_TC_H, = 0
gpu_max_TC_M, = 0
gpu_max_CC_H, = 0
gpu_max_CC_M, = 0
gpu_max_SHRD_ACC, = 0
gpu_max_REG_RD, = 435584
gpu_max_REG_WR, = 231296
gpu_max_NON_REG_OPs, = 81504
gpu_max_INT_ACC, = 101536
gpu_max_FPU_ACC, = 20128
gpu_max_DPU_ACC, = 0
gpu_max_INT_MUL24_ACC, = 0
gpu_max_INT_MUL32_ACC, = 48704
gpu_max_INT_MUL_ACC, = 0
gpu_max_INT_DIV_ACC, = 0
gpu_max_FP_MUL_ACC, = 41632
gpu_max_FP_DIV_ACC, = 0
gpu_max_FP_SQRT_ACC, = 0
gpu_max_FP_LG_ACC, = 0
gpu_max_FP_SIN_ACC, = 0
gpu_max_FP_EXP_ACC, = 0
gpu_max_DP_MUL_ACC, = 0
gpu_max_DP_DIV_ACC, = 0
gpu_max_TENSOR_ACC, = 0
gpu_max_TEX_ACC, = 0
gpu_max_MEM_RD, = 1389
gpu_max_MEM_WR, = 337
gpu_max_MEM_PRE, = 345
gpu_max_L2_RH, = 1405
gpu_max_L2_RM, = 1347
gpu_max_L2_WH, = 0
gpu_max_L2_WM, = 640
gpu_max_NOC_A, = 4713
gpu_max_PIPE_A, = 0.534001
gpu_max_IDLE_CORE_N, = 0
gpu_max_constant_power = 0

Kernel Minimum Power Data:
kernel_min_power = 15.1962
gpu_min_IBP, = 0.000988819
gpu_min_ICP, = 0.00867783
gpu_min_DCP, = 0.165391
gpu_min_TCP, = 0
gpu_min_CCP, = 0
gpu_min_SHRDP, = 0
gpu_min_RFP, = 0.293318
gpu_min_INTP, = 0.0028696
gpu_min_FPUP, = 0.0532439
gpu_min_DPUP, = 0
gpu_min_INT_MUL24P, = 0
gpu_min_INT_MUL32P, = 0.0800934
gpu_min_INT_MULP, = 0
gpu_min_INT_DIVP, = 0
gpu_min_FP_MULP, = 0.220257
gpu_min_FP_DIVP, = 0
gpu_min_FP_SQRTP, = 0
gpu_min_FP_LGP, = 0
gpu_min_FP_SINP, = 0
gpu_min_FP_EXP, = 0
gpu_min_DP_MULP, = 0
gpu_min_DP_DIVP, = 0
gpu_min_TENSORP, = 0
gpu_min_TEXP, = 0
gpu_min_SCHEDP, = 0.0134041
gpu_min_L2CP, = 1.45597
gpu_min_MCP, = 1.39912
gpu_min_NOCP, = 0.618795
gpu_min_DRAMP, = 2.75918
gpu_min_PIPEP, = 0.345098
gpu_min_IDLE_COREP, = 6.77976
gpu_min_CONSTP = 1
gpu_min_STATICP = 0
gpu_min_TOT_INST, = 456
gpu_min_FP_INT, = 407
gpu_min_IC_H, = 228
gpu_min_IC_M, = 0
gpu_min_DC_RH, = 59
gpu_min_DC_RM, = 41
gpu_min_DC_WH, = 0
gpu_min_DC_WM, = 27
gpu_min_TC_H, = 0
gpu_min_TC_M, = 0
gpu_min_CC_H, = 0
gpu_min_CC_M, = 0
gpu_min_SHRD_ACC, = 0
gpu_min_REG_RD, = 28064
gpu_min_REG_WR, = 13312
gpu_min_NON_REG_OPs, = 3872
gpu_min_INT_ACC, = 4224
gpu_min_FPU_ACC, = 1920
gpu_min_DPU_ACC, = 0
gpu_min_INT_MUL24_ACC, = 0
gpu_min_INT_MUL32_ACC, = 1408
gpu_min_INT_MUL_ACC, = 0
gpu_min_INT_DIV_ACC, = 0
gpu_min_FP_MUL_ACC, = 3872
gpu_min_FP_DIV_ACC, = 0
gpu_min_FP_SQRT_ACC, = 0
gpu_min_FP_LG_ACC, = 0
gpu_min_FP_SIN_ACC, = 0
gpu_min_FP_EXP_ACC, = 0
gpu_min_DP_MUL_ACC, = 0
gpu_min_DP_DIV_ACC, = 0
gpu_min_TENSOR_ACC, = 0
gpu_min_TEX_ACC, = 0
gpu_min_MEM_RD, = 136
gpu_min_MEM_WR, = 74
gpu_min_MEM_PRE, = 17
gpu_min_L2_RH, = 100
gpu_min_L2_RM, = 124
gpu_min_L2_WH, = 0
gpu_min_L2_WM, = 142
gpu_min_NOC_A, = 532
gpu_min_PIPE_A, = 0.0337334
gpu_min_IDLE_CORE_N, = 4.264
gpu_min_constant_power = 0

Accumulative Power Statistics Over Previous Kernels:
gpu_tot_avg_power = 51.0906
gpu_tot_max_power = 62.5669
gpu_tot_min_power = 3.71682


kernel_name = _Z11hotspotOpt1PfS_S_fiiifffffff 
kernel_launch_uid = 4 

Kernel Average Power Data:
kernel_avg_power = 51.0729
gpu_avg_IBP, = 0.0149747
gpu_avg_ICP, = 0.131417
gpu_avg_DCP, = 1.40096
gpu_avg_TCP, = 0
gpu_avg_CCP, = 0
gpu_avg_SHRDP, = 0
gpu_avg_RFP, = 4.67636
gpu_avg_INTP, = 0.0581364
gpu_avg_FPUP, = 0.420553
gpu_avg_DPUP, = 0
gpu_avg_INT_MUL24P, = 0
gpu_avg_INT_MUL32P, = 2.15668
gpu_avg_INT_MULP, = 0
gpu_avg_INT_DIVP, = 0
gpu_avg_FP_MULP, = 2.00263
gpu_avg_FP_DIVP, = 0
gpu_avg_FP_SQRTP, = 0
gpu_avg_FP_LGP, = 0
gpu_avg_FP_SINP, = 0
gpu_avg_FP_EXP, = 0
gpu_avg_DP_MULP, = 0
gpu_avg_DP_DIVP, = 0
gpu_avg_TENSORP, = 0
gpu_avg_TEXP, = 0
gpu_avg_SCHEDP, = 0.210707
gpu_avg_L2CP, = 7.20626
gpu_avg_MCP, = 2.63035
gpu_avg_NOCP, = 4.78939
gpu_avg_DRAMP, = 19.6582
gpu_avg_PIPEP, = 4.61567
gpu_avg_IDLE_COREP, = 0.100643
gpu_avg_CONSTP = 1
gpu_avg_STATICP = 0
gpu_avg_TOT_INST, = 6905.65
gpu_avg_FP_INT, = 6397.88
gpu_avg_IC_H, = 3452.83
gpu_avg_IC_M, = 0
gpu_avg_DC_RH, = 459.44
gpu_avg_DC_RM, = 494.657
gpu_avg_DC_WH, = 0
gpu_avg_DC_WM, = 135.405
gpu_avg_TC_H, = 0
gpu_avg_TC_M, = 0
gpu_avg_CC_H, = 0
gpu_avg_CC_M, = 0
gpu_avg_SHRD_ACC, = 0
gpu_avg_REG_RD, = 356927
gpu_avg_REG_WR, = 192479
gpu_avg_NON_REG_OPs, = 76368.4
gpu_avg_INT_ACC, = 85575.9
gpu_avg_FPU_ACC, = 15165.4
gpu_avg_DPU_ACC, = 0
gpu_avg_INT_MUL24_ACC, = 0
gpu_avg_INT_MUL32_ACC, = 37913.4
gpu_avg_INT_MUL_ACC, = 0
gpu_avg_INT_DIV_ACC, = 0
gpu_avg_FP_MUL_ACC, = 35205.3
gpu_avg_FP_DIV_ACC, = 0
gpu_avg_FP_SQRT_ACC, = 0
gpu_avg_FP_LG_ACC, = 0
gpu_avg_FP_SIN_ACC, = 0
gpu_avg_FP_EXP_ACC, = 0
gpu_avg_DP_MUL_ACC, = 0
gpu_avg_DP_DIV_ACC, = 0
gpu_avg_TENSOR_ACC, = 0
gpu_avg_TEX_ACC, = 0
gpu_avg_MEM_RD, = 1086.3
gpu_avg_MEM_WR, = 270.727
gpu_avg_MEM_PRE, = 272.058
gpu_avg_L2_RH, = 1341.2
gpu_avg_L2_RM, = 1086.3
gpu_avg_L2_WH, = 0
gpu_avg_L2_WM, = 541.62
gpu_avg_NOC_A, = 4117.61
gpu_avg_PIPE_A, = 0.451183
gpu_avg_IDLE_CORE_N, = 0.0632975
gpu_avg_constant_power = 0
gpu_avg_threads_per_warp = 32
gpu_tot_TOT_INST, = 3.34234e+06
gpu_tot_FP_INT, = 3.09658e+06
gpu_tot_IC_H, = 1.67117e+06
gpu_tot_IC_M, = 0
gpu_tot_DC_RH, = 222369
gpu_tot_DC_RM, = 239414
gpu_tot_DC_WH, = 0
gpu_tot_DC_WM, = 65536
gpu_tot_TC_H, = 0
gpu_tot_TC_M, = 0
gpu_tot_CC_H, = 0
gpu_tot_CC_M, = 0
gpu_tot_SHRD_ACC, = 0
gpu_tot_REG_RD, = 1.72753e+08
gpu_tot_REG_WR, = 9.31596e+07
gpu_tot_NON_REG_OPs, = 3.69623e+07
gpu_tot_INT_ACC, = 4.14188e+07
gpu_tot_FPU_ACC, = 7.34003e+06
gpu_tot_DPU_ACC, = 0
gpu_tot_INT_MUL24_ACC, = 0
gpu_tot_INT_MUL32_ACC, = 1.83501e+07
gpu_tot_INT_MUL_ACC, = 0
gpu_tot_INT_DIV_ACC, = 0
gpu_tot_FP_MUL_ACC, = 1.70394e+07
gpu_tot_FP_DIV_ACC, = 0
gpu_tot_FP_SQRT_ACC, = 0
gpu_tot_FP_LG_ACC, = 0
gpu_tot_FP_SIN_ACC, = 0
gpu_tot_FP_EXP_ACC, = 0
gpu_tot_DP_MUL_ACC, = 0
gpu_tot_DP_DIV_ACC, = 0
gpu_tot_TENSOR_ACC, = 0
gpu_tot_TEX_ACC, = 0
gpu_tot_MEM_RD, = 525768
gpu_tot_MEM_WR, = 131032
gpu_tot_MEM_PRE, = 131676
gpu_tot_L2_RH, = 649140
gpu_tot_L2_RM, = 525768
gpu_tot_L2_WH, = 0
gpu_tot_L2_WM, = 262144
gpu_tot_NOC_A, = 1.99292e+06
gpu_tot_PIPE_A, = 218.372
gpu_tot_IDLE_CORE_N, = 30.636
gpu_tot_constant_power = 0

Kernel Maximum Power Data:
kernel_max_power = 58.2807
gpu_max_IBP, = 0.0192299
gpu_max_ICP, = 0.168875
gpu_max_DCP, = 1.31061
gpu_max_TCP, = 0
gpu_max_CCP, = 0
gpu_max_SHRDP, = 0
gpu_max_RFP, = 5.51549
gpu_max_INTP, = 0.0791747
gpu_max_FPUP, = 0.346085
gpu_max_DPUP, = 0
gpu_max_INT_MUL24P, = 0
gpu_max_INT_MUL32P, = 3.10908
gpu_max_INT_MULP, = 0
gpu_max_INT_DIVP, = 0
gpu_max_FP_MULP, = 2.39188
gpu_max_FP_DIVP, = 0
gpu_max_FP_SQRTP, = 0
gpu_max_FP_LGP, = 0
gpu_max_FP_SINP, = 0
gpu_max_FP_EXP, = 0
gpu_max_DP_MULP, = 0
gpu_max_DP_DIVP, = 0
gpu_max_TENSORP, = 0
gpu_max_TEXP, = 0
gpu_max_SCHEDP, = 0.277928
gpu_max_L2CP, = 8.27462
gpu_max_MCP, = 2.89922
gpu_max_NOCP, = 5.1795
gpu_max_DRAMP, = 22.0415
gpu_max_PIPEP, = 5.66751
gpu_max_IDLE_COREP, = 0
gpu_max_CONSTP = 1
gpu_max_STATICP = 0
gpu_max_TOT_INST, = 8868
gpu_max_FP_INT, = 8439
gpu_max_IC_H, = 4437
gpu_max_IC_M, = 0
gpu_max_DC_RH, = 383
gpu_max_DC_RM, = 475
gpu_max_DC_WH, = 0
gpu_max_DC_WM, = 182
gpu_max_TC_H, = 0
gpu_max_TC_M, = 0
gpu_max_CC_H, = 0
gpu_max_CC_M, = 0
gpu_max_SHRD_ACC, = 0
gpu_max_REG_RD, = 456000
gpu_max_REG_WR, = 243648
gpu_max_NON_REG_OPs, = 83392
gpu_max_INT_ACC, = 116544
gpu_max_FPU_ACC, = 12480
gpu_max_DPU_ACC, = 0
gpu_max_INT_MUL24_ACC, = 0
gpu_max_INT_MUL32_ACC, = 54656
gpu_max_INT_MUL_ACC, = 0
gpu_max_INT_DIV_ACC, = 0
gpu_max_FP_MUL_ACC, = 42048
gpu_max_FP_DIV_ACC, = 0
gpu_max_FP_SQRT_ACC, = 0
gpu_max_FP_LG_ACC, = 0
gpu_max_FP_SIN_ACC, = 0
gpu_max_FP_EXP_ACC, = 0
gpu_max_DP_MUL_ACC, = 0
gpu_max_DP_DIV_ACC, = 0
gpu_max_TENSOR_ACC, = 0
gpu_max_TEX_ACC, = 0
gpu_max_MEM_RD, = 1173
gpu_max_MEM_WR, = 464
gpu_max_MEM_PRE, = 39
gpu_max_L2_RH, = 1149
gpu_max_L2_RM, = 1089
gpu_max_L2_WH, = 0
gpu_max_L2_WM, = 696
gpu_max_NOC_A, = 4453
gpu_max_PIPE_A, = 0.554
gpu_max_IDLE_CORE_N, = 0
gpu_max_constant_power = 0

Kernel Minimum Power Data:
kernel_min_power = 17.5523
gpu_min_IBP, = 0.000459714
gpu_min_ICP, = 0.00403443
gpu_min_DCP, = 0.10349
gpu_min_TCP, = 0
gpu_min_CCP, = 0
gpu_min_SHRDP, = 0
gpu_min_RFP, = 0.144431
gpu_min_INTP, = 0.000717399
gpu_min_FPUP, = 0.0372707
gpu_min_DPUP, = 0
gpu_min_INT_MUL24P, = 0
gpu_min_INT_MUL32P, = 0.00728121
gpu_min_INT_MULP, = 0
gpu_min_INT_DIVP, = 0
gpu_min_FP_MULP, = 0.151085
gpu_min_FP_DIVP, = 0
gpu_min_FP_SQRTP, = 0
gpu_min_FP_LGP, = 0
gpu_min_FP_SINP, = 0
gpu_min_FP_EXP, = 0
gpu_min_DP_MULP, = 0
gpu_min_DP_DIVP, = 0
gpu_min_TENSORP, = 0
gpu_min_TEXP, = 0
gpu_min_SCHEDP, = 0.00599395
gpu_min_L2CP, = 1.0011
gpu_min_MCP, = 1.33049
gpu_min_NOCP, = 0.450138
gpu_min_DRAMP, = 1.88018
gpu_min_PIPEP, = 0.194373
gpu_min_IDLE_COREP, = 11.2413
gpu_min_CONSTP = 1
gpu_min_STATICP = 0
gpu_min_TOT_INST, = 212
gpu_min_FP_INT, = 182
gpu_min_IC_H, = 106
gpu_min_IC_M, = 0
gpu_min_DC_RH, = 29
gpu_min_DC_RM, = 27
gpu_min_DC_WH, = 0
gpu_min_DC_WM, = 27
gpu_min_TC_H, = 0
gpu_min_TC_M, = 0
gpu_min_CC_H, = 0
gpu_min_CC_M, = 0
gpu_min_SHRD_ACC, = 0
gpu_min_REG_RD, = 15712
gpu_min_REG_WR, = 6688
gpu_min_NON_REG_OPs, = 1632
gpu_min_INT_ACC, = 1056
gpu_min_FPU_ACC, = 1344
gpu_min_DPU_ACC, = 0
gpu_min_INT_MUL24_ACC, = 0
gpu_min_INT_MUL32_ACC, = 128
gpu_min_INT_MUL_ACC, = 0
gpu_min_INT_DIV_ACC, = 0
gpu_min_FP_MUL_ACC, = 2656
gpu_min_FP_DIV_ACC, = 0
gpu_min_FP_SQRT_ACC, = 0
gpu_min_FP_LG_ACC, = 0
gpu_min_FP_SIN_ACC, = 0
gpu_min_FP_EXP_ACC, = 0
gpu_min_DP_MUL_ACC, = 0
gpu_min_DP_DIV_ACC, = 0
gpu_min_TENSOR_ACC, = 0
gpu_min_TEX_ACC, = 0
gpu_min_MEM_RD, = 94
gpu_min_MEM_WR, = 50
gpu_min_MEM_PRE, = 5
gpu_min_L2_RH, = 56
gpu_min_L2_RM, = 88
gpu_min_L2_WH, = 0
gpu_min_L2_WM, = 100
gpu_min_NOC_A, = 387
gpu_min_PIPE_A, = 0.019
gpu_min_IDLE_CORE_N, = 7.07
gpu_min_constant_power = 0

Accumulative Power Statistics Over Previous Kernels:
gpu_tot_avg_power = 51.0862
gpu_tot_max_power = 62.5669
gpu_tot_min_power = 3.71682


