kernel_name = _Z11hotspotOpt1PfS_S_fiiifffffff 
kernel_launch_uid = 1 

Kernel Average Power Data:
kernel_avg_power = 109.408
gpu_avg_IBP, = 0.0329015
gpu_avg_ICP, = 0.307338
gpu_avg_DCP, = 3.0801
gpu_avg_TCP, = 0
gpu_avg_CCP, = 0
gpu_avg_SHRDP, = 0
gpu_avg_RFP, = 10.2753
gpu_avg_INTP, = 0.127734
gpu_avg_FPUP, = 0.924017
gpu_avg_DPUP, = 0
gpu_avg_INT_MUL24P, = 0
gpu_avg_INT_MUL32P, = 4.73855
gpu_avg_INT_MULP, = 0
gpu_avg_INT_DIVP, = 0
gpu_avg_FP_MULP, = 4.40008
gpu_avg_FP_DIVP, = 0
gpu_avg_FP_SQRTP, = 0
gpu_avg_FP_LGP, = 0
gpu_avg_FP_SINP, = 0
gpu_avg_FP_EXP, = 0
gpu_avg_DP_MULP, = 0
gpu_avg_DP_DIVP, = 0
gpu_avg_TENSORP, = 0
gpu_avg_TEXP, = 0
gpu_avg_SCHEDP, = 0.462953
gpu_avg_L2CP, = 15.8812
gpu_avg_MCP, = 4.35533
gpu_avg_NOCP, = 10.5676
gpu_avg_DRAMP, = 42.9875
gpu_avg_PIPEP, = 10.1451
gpu_avg_IDLE_COREP, = 0.122232
gpu_avg_CONSTP = 1
gpu_avg_STATICP = 0
gpu_avg_TOT_INST, = 6502.6
gpu_avg_FP_INT, = 6024.47
gpu_avg_IC_H, = 3244.99
gpu_avg_IC_M, = 6.30739
gpu_avg_DC_RH, = 429.661
gpu_avg_DC_RM, = 470.739
gpu_avg_DC_WH, = 0
gpu_avg_DC_WM, = 127.502
gpu_avg_TC_H, = 0
gpu_avg_TC_M, = 0
gpu_avg_CC_H, = 0
gpu_avg_CC_M, = 0
gpu_avg_SHRD_ACC, = 0
gpu_avg_REG_RD, = 336095
gpu_avg_REG_WR, = 181325
gpu_avg_NON_REG_OPs, = 71911.1
gpu_avg_INT_ACC, = 80581.2
gpu_avg_FPU_ACC, = 14280.2
gpu_avg_DPU_ACC, = 0
gpu_avg_INT_MUL24_ACC, = 0
gpu_avg_INT_MUL32_ACC, = 35700.5
gpu_avg_INT_MUL_ACC, = 0
gpu_avg_INT_DIV_ACC, = 0
gpu_avg_FP_MUL_ACC, = 33150.5
gpu_avg_FP_DIV_ACC, = 0
gpu_avg_FP_SQRT_ACC, = 0
gpu_avg_FP_LG_ACC, = 0
gpu_avg_FP_SIN_ACC, = 0
gpu_avg_FP_EXP_ACC, = 0
gpu_avg_DP_MUL_ACC, = 0
gpu_avg_DP_DIV_ACC, = 0
gpu_avg_TENSOR_ACC, = 0
gpu_avg_TEX_ACC, = 0
gpu_avg_MEM_RD, = 1023.81
gpu_avg_MEM_WR, = 246.965
gpu_avg_MEM_PRE, = 242.866
gpu_avg_L2_RH, = 1275.14
gpu_avg_L2_RM, = 1023.81
gpu_avg_L2_WH, = 0
gpu_avg_L2_WM, = 510
gpu_avg_NOC_A, = 3893.72
gpu_avg_PIPE_A, = 0.425006
gpu_avg_IDLE_CORE_N, = 0.0768755
gpu_avg_constant_power = 0
gpu_avg_threads_per_warp = 31.9377
gpu_tot_TOT_INST, = 3.34234e+06
gpu_tot_FP_INT, = 3.09658e+06
gpu_tot_IC_H, = 1.66793e+06
gpu_tot_IC_M, = 3242
gpu_tot_DC_RH, = 220846
gpu_tot_DC_RM, = 241960
gpu_tot_DC_WH, = 0
gpu_tot_DC_WM, = 65536
gpu_tot_TC_H, = 0
gpu_tot_TC_M, = 0
gpu_tot_CC_H, = 0
gpu_tot_CC_M, = 0
gpu_tot_SHRD_ACC, = 0
gpu_tot_REG_RD, = 1.72753e+08
gpu_tot_REG_WR, = 9.32013e+07
gpu_tot_NON_REG_OPs, = 3.69623e+07
gpu_tot_INT_ACC, = 4.14188e+07
gpu_tot_FPU_ACC, = 7.34003e+06
gpu_tot_DPU_ACC, = 0
gpu_tot_INT_MUL24_ACC, = 0
gpu_tot_INT_MUL32_ACC, = 1.83501e+07
gpu_tot_INT_MUL_ACC, = 0
gpu_tot_INT_DIV_ACC, = 0
gpu_tot_FP_MUL_ACC, = 1.70394e+07
gpu_tot_FP_DIV_ACC, = 0
gpu_tot_FP_SQRT_ACC, = 0
gpu_tot_FP_LG_ACC, = 0
gpu_tot_FP_SIN_ACC, = 0
gpu_tot_FP_EXP_ACC, = 0
gpu_tot_DP_MUL_ACC, = 0
gpu_tot_DP_DIV_ACC, = 0
gpu_tot_TENSOR_ACC, = 0
gpu_tot_TEX_ACC, = 0
gpu_tot_MEM_RD, = 526236
gpu_tot_MEM_WR, = 126940
gpu_tot_MEM_PRE, = 124833
gpu_tot_L2_RH, = 655424
gpu_tot_L2_RM, = 526236
gpu_tot_L2_WH, = 0
gpu_tot_L2_WM, = 262140
gpu_tot_NOC_A, = 2.00137e+06
gpu_tot_PIPE_A, = 218.453
gpu_tot_IDLE_CORE_N, = 39.514
gpu_tot_constant_power = 0

Kernel Maximum Power Data:
kernel_max_power = 127.824
gpu_max_IBP, = 0.0385148
gpu_max_ICP, = 0.337915
gpu_max_DCP, = 3.55766
gpu_max_TCP, = 0
gpu_max_CCP, = 0
gpu_max_SHRDP, = 0
gpu_max_RFP, = 11.8126
gpu_max_INTP, = 0.1539
gpu_max_FPUP, = 1.13262
gpu_max_DPUP, = 0
gpu_max_INT_MUL24P, = 0
gpu_max_INT_MUL32P, = 5.8996
gpu_max_INT_MULP, = 0
gpu_max_INT_DIVP, = 0
gpu_max_FP_MULP, = 4.92696
gpu_max_FP_DIVP, = 0
gpu_max_FP_SQRTP, = 0
gpu_max_FP_LGP, = 0
gpu_max_FP_SINP, = 0
gpu_max_FP_EXP, = 0
gpu_max_DP_MULP, = 0
gpu_max_DP_DIVP, = 0
gpu_max_TENSORP, = 0
gpu_max_TEXP, = 0
gpu_max_SCHEDP, = 0.543221
gpu_max_L2CP, = 19.4416
gpu_max_MCP, = 4.91983
gpu_max_NOCP, = 12.0529
gpu_max_DRAMP, = 50.1365
gpu_max_PIPEP, = 11.8699
gpu_max_IDLE_COREP, = 0
gpu_max_CONSTP = 1
gpu_max_STATICP = 0
gpu_max_TOT_INST, = 7612
gpu_max_FP_INT, = 7069
gpu_max_IC_H, = 3805
gpu_max_IC_M, = 0
gpu_max_DC_RH, = 507
gpu_max_DC_RM, = 525
gpu_max_DC_WH, = 0
gpu_max_DC_WM, = 151
gpu_max_TC_H, = 0
gpu_max_TC_M, = 0
gpu_max_CC_H, = 0
gpu_max_CC_M, = 0
gpu_max_SHRD_ACC, = 0
gpu_max_REG_RD, = 398848
gpu_max_REG_WR, = 214688
gpu_max_NON_REG_OPs, = 80256
gpu_max_INT_ACC, = 97088
gpu_max_FPU_ACC, = 17504
gpu_max_DPU_ACC, = 0
gpu_max_INT_MUL24_ACC, = 0
gpu_max_INT_MUL32_ACC, = 44448
gpu_max_INT_MUL_ACC, = 0
gpu_max_INT_DIV_ACC, = 0
gpu_max_FP_MUL_ACC, = 37120
gpu_max_FP_DIV_ACC, = 0
gpu_max_FP_SQRT_ACC, = 0
gpu_max_FP_LG_ACC, = 0
gpu_max_FP_SIN_ACC, = 0
gpu_max_FP_EXP_ACC, = 0
gpu_max_DP_MUL_ACC, = 0
gpu_max_DP_DIV_ACC, = 0
gpu_max_TENSOR_ACC, = 0
gpu_max_TEX_ACC, = 0
gpu_max_MEM_RD, = 1185
gpu_max_MEM_WR, = 314
gpu_max_MEM_PRE, = 251
gpu_max_L2_RH, = 1407
gpu_max_L2_RM, = 1120
gpu_max_L2_WH, = 0
gpu_max_L2_WM, = 654
gpu_max_NOC_A, = 4441
gpu_max_PIPE_A, = 0.497266
gpu_max_IDLE_CORE_N, = 0
gpu_max_constant_power = 0

Kernel Minimum Power Data:
kernel_min_power = 5.66354
gpu_min_IBP, = 0.00758962
gpu_min_ICP, = 1.48175
gpu_min_DCP, = 0
gpu_min_TCP, = 0
gpu_min_CCP, = 0
gpu_min_SHRDP, = 0
gpu_min_RFP, = 1.21109
gpu_min_INTP, = 0
gpu_min_FPUP, = 0
gpu_min_DPUP, = 0
gpu_min_INT_MUL24P, = 0
gpu_min_INT_MUL32P, = 0
gpu_min_INT_MULP, = 0
gpu_min_INT_DIVP, = 0
gpu_min_FP_MULP, = 0
gpu_min_FP_DIVP, = 0
gpu_min_FP_SQRTP, = 0
gpu_min_FP_LGP, = 0
gpu_min_FP_SINP, = 0
gpu_min_FP_EXP, = 0
gpu_min_DP_MULP, = 0
gpu_min_DP_DIVP, = 0
gpu_min_TENSORP, = 0
gpu_min_TEXP, = 0
gpu_min_SCHEDP, = 0.115268
gpu_min_L2CP, = 0.228626
gpu_min_MCP, = 1.18408
gpu_min_NOCP, = 0.244261
gpu_min_DRAMP, = 0.143166
gpu_min_PIPEP, = 0
gpu_min_IDLE_COREP, = 0.0476996
gpu_min_CONSTP = 1
gpu_min_STATICP = 0
gpu_min_TOT_INST, = 1500
gpu_min_FP_INT, = 1500
gpu_min_IC_H, = 270
gpu_min_IC_M, = 480
gpu_min_DC_RH, = 0
gpu_min_DC_RM, = 0
gpu_min_DC_WH, = 0
gpu_min_DC_WM, = 0
gpu_min_TC_H, = 0
gpu_min_TC_M, = 0
gpu_min_CC_H, = 0
gpu_min_CC_M, = 0
gpu_min_SHRD_ACC, = 0
gpu_min_REG_RD, = 0
gpu_min_REG_WR, = 0
gpu_min_NON_REG_OPs, = 16320
gpu_min_INT_ACC, = 0
gpu_min_FPU_ACC, = 0
gpu_min_DPU_ACC, = 0
gpu_min_INT_MUL24_ACC, = 0
gpu_min_INT_MUL32_ACC, = 0
gpu_min_INT_MUL_ACC, = 0
gpu_min_INT_DIV_ACC, = 0
gpu_min_FP_MUL_ACC, = 0
gpu_min_FP_DIV_ACC, = 0
gpu_min_FP_SQRT_ACC, = 0
gpu_min_FP_LG_ACC, = 0
gpu_min_FP_SIN_ACC, = 0
gpu_min_FP_EXP_ACC, = 0
gpu_min_DP_MUL_ACC, = 0
gpu_min_DP_DIV_ACC, = 0
gpu_min_TENSOR_ACC, = 0
gpu_min_TEX_ACC, = 0
gpu_min_MEM_RD, = 4
gpu_min_MEM_WR, = 0
gpu_min_MEM_PRE, = 0
gpu_min_L2_RH, = 58
gpu_min_L2_RM, = 6
gpu_min_L2_WH, = 0
gpu_min_L2_WM, = 0
gpu_min_NOC_A, = 90
gpu_min_PIPE_A, = 0
gpu_min_IDLE_CORE_N, = 0.0299997
gpu_min_constant_power = 0

Accumulative Power Statistics Over Previous Kernels:
gpu_tot_avg_power = 109.408
gpu_tot_max_power = 127.824
gpu_tot_min_power = 5.66354


kernel_name = _Z11hotspotOpt1PfS_S_fiiifffffff 
kernel_launch_uid = 2 

Kernel Average Power Data:
kernel_avg_power = 110.258
gpu_avg_IBP, = 0.0330946
gpu_avg_ICP, = 0.290437
gpu_avg_DCP, = 3.09983
gpu_avg_TCP, = 0
gpu_avg_CCP, = 0
gpu_avg_SHRDP, = 0
gpu_avg_RFP, = 10.3355
gpu_avg_INTP, = 0.128484
gpu_avg_FPUP, = 0.929438
gpu_avg_DPUP, = 0
gpu_avg_INT_MUL24P, = 0
gpu_avg_INT_MUL32P, = 4.76637
gpu_avg_INT_MULP, = 0
gpu_avg_INT_DIVP, = 0
gpu_avg_FP_MULP, = 4.42591
gpu_avg_FP_DIVP, = 0
gpu_avg_FP_SQRTP, = 0
gpu_avg_FP_LGP, = 0
gpu_avg_FP_SINP, = 0
gpu_avg_FP_EXP, = 0
gpu_avg_DP_MULP, = 0
gpu_avg_DP_DIVP, = 0
gpu_avg_TENSORP, = 0
gpu_avg_TEXP, = 0
gpu_avg_SCHEDP, = 0.465671
gpu_avg_L2CP, = 15.952
gpu_avg_MCP, = 4.3921
gpu_avg_NOCP, = 10.6088
gpu_avg_DRAMP, = 43.3565
gpu_avg_PIPEP, = 10.2012
gpu_avg_IDLE_COREP, = 0.272522
gpu_avg_CONSTP = 1
gpu_avg_STATICP = 0
gpu_avg_TOT_INST, = 6540.77
gpu_avg_FP_INT, = 6059.83
gpu_avg_IC_H, = 3270.39
gpu_avg_IC_M, = 0
gpu_avg_DC_RH, = 433.389
gpu_avg_DC_RM, = 472.448
gpu_avg_DC_WH, = 0
gpu_avg_DC_WM, = 128.247
gpu_avg_TC_H, = 0
gpu_avg_TC_M, = 0
gpu_avg_CC_H, = 0
gpu_avg_CC_M, = 0
gpu_avg_SHRD_ACC, = 0
gpu_avg_REG_RD, = 338068
gpu_avg_REG_WR, = 182373
gpu_avg_NON_REG_OPs, = 72333.3
gpu_avg_INT_ACC, = 81054.3
gpu_avg_FPU_ACC, = 14364
gpu_avg_DPU_ACC, = 0
gpu_avg_INT_MUL24_ACC, = 0
gpu_avg_INT_MUL32_ACC, = 35910.1
gpu_avg_INT_MUL_ACC, = 0
gpu_avg_INT_DIV_ACC, = 0
gpu_avg_FP_MUL_ACC, = 33345.1
gpu_avg_FP_DIV_ACC, = 0
gpu_avg_FP_SQRT_ACC, = 0
gpu_avg_FP_LG_ACC, = 0
gpu_avg_FP_SIN_ACC, = 0
gpu_avg_FP_EXP_ACC, = 0
gpu_avg_DP_MUL_ACC, = 0
gpu_avg_DP_DIV_ACC, = 0
gpu_avg_TENSOR_ACC, = 0
gpu_avg_TEX_ACC, = 0
gpu_avg_MEM_RD, = 1029.35
gpu_avg_MEM_WR, = 256.505
gpu_avg_MEM_PRE, = 239.691
gpu_avg_L2_RH, = 1276.98
gpu_avg_L2_RM, = 1029.35
gpu_avg_L2_WH, = 0
gpu_avg_L2_WM, = 512.986
gpu_avg_NOC_A, = 3908.88
gpu_avg_PIPE_A, = 0.427358
gpu_avg_IDLE_CORE_N, = 0.171397
gpu_avg_constant_power = 0
gpu_avg_threads_per_warp = 32
gpu_tot_TOT_INST, = 3.34233e+06
gpu_tot_FP_INT, = 3.09658e+06
gpu_tot_IC_H, = 1.67117e+06
gpu_tot_IC_M, = 0
gpu_tot_DC_RH, = 221462
gpu_tot_DC_RM, = 241421
gpu_tot_DC_WH, = 0
gpu_tot_DC_WM, = 65534
gpu_tot_TC_H, = 0
gpu_tot_TC_M, = 0
gpu_tot_CC_H, = 0
gpu_tot_CC_M, = 0
gpu_tot_SHRD_ACC, = 0
gpu_tot_REG_RD, = 1.72753e+08
gpu_tot_REG_WR, = 9.31926e+07
gpu_tot_NON_REG_OPs, = 3.69623e+07
gpu_tot_INT_ACC, = 4.14188e+07
gpu_tot_FPU_ACC, = 7.34e+06
gpu_tot_DPU_ACC, = 0
gpu_tot_INT_MUL24_ACC, = 0
gpu_tot_INT_MUL32_ACC, = 1.83501e+07
gpu_tot_INT_MUL_ACC, = 0
gpu_tot_INT_DIV_ACC, = 0
gpu_tot_FP_MUL_ACC, = 1.70393e+07
gpu_tot_FP_DIV_ACC, = 0
gpu_tot_FP_SQRT_ACC, = 0
gpu_tot_FP_LG_ACC, = 0
gpu_tot_FP_SIN_ACC, = 0
gpu_tot_FP_EXP_ACC, = 0
gpu_tot_DP_MUL_ACC, = 0
gpu_tot_DP_DIV_ACC, = 0
gpu_tot_TENSOR_ACC, = 0
gpu_tot_TEX_ACC, = 0
gpu_tot_MEM_RD, = 525996
gpu_tot_MEM_WR, = 131074
gpu_tot_MEM_PRE, = 122482
gpu_tot_L2_RH, = 652536
gpu_tot_L2_RM, = 525996
gpu_tot_L2_WH, = 0
gpu_tot_L2_WM, = 262136
gpu_tot_NOC_A, = 1.99744e+06
gpu_tot_PIPE_A, = 218.38
gpu_tot_IDLE_CORE_N, = 87.584
gpu_tot_constant_power = 0

Kernel Maximum Power Data:
kernel_max_power = 133.177
gpu_max_IBP, = 0.0426233
gpu_max_ICP, = 0.37406
gpu_max_DCP, = 2.71838
gpu_max_TCP, = 0
gpu_max_CCP, = 0
gpu_max_SHRDP, = 0
gpu_max_RFP, = 12.1547
gpu_max_INTP, = 0.17769
gpu_max_FPUP, = 0.73092
gpu_max_DPUP, = 0
gpu_max_INT_MUL24P, = 0
gpu_max_INT_MUL32P, = 7.05914
gpu_max_INT_MULP, = 0
gpu_max_INT_DIVP, = 0
gpu_max_FP_MULP, = 5.16481
gpu_max_FP_DIVP, = 0
gpu_max_FP_SQRTP, = 0
gpu_max_FP_LGP, = 0
gpu_max_FP_SINP, = 0
gpu_max_FP_EXP, = 0
gpu_max_DP_MULP, = 0
gpu_max_DP_DIVP, = 0
gpu_max_TENSORP, = 0
gpu_max_TEXP, = 0
gpu_max_SCHEDP, = 0.618299
gpu_max_L2CP, = 19.2208
gpu_max_MCP, = 5.33337
gpu_max_NOCP, = 11.388
gpu_max_DRAMP, = 54.6626
gpu_max_PIPEP, = 12.5319
gpu_max_IDLE_COREP, = 0
gpu_max_CONSTP = 1
gpu_max_STATICP = 0
gpu_max_TOT_INST, = 8424
gpu_max_FP_INT, = 8046
gpu_max_IC_H, = 4212
gpu_max_IC_M, = 0
gpu_max_DC_RH, = 315
gpu_max_DC_RM, = 454
gpu_max_DC_WH, = 0
gpu_max_DC_WM, = 166
gpu_max_TC_H, = 0
gpu_max_TC_M, = 0
gpu_max_CC_H, = 0
gpu_max_CC_M, = 0
gpu_max_SHRD_ACC, = 0
gpu_max_REG_RD, = 433376
gpu_max_REG_WR, = 230592
gpu_max_NON_REG_OPs, = 78336
gpu_max_INT_ACC, = 112096
gpu_max_FPU_ACC, = 11296
gpu_max_DPU_ACC, = 0
gpu_max_INT_MUL24_ACC, = 0
gpu_max_INT_MUL32_ACC, = 53184
gpu_max_INT_MUL_ACC, = 0
gpu_max_INT_DIV_ACC, = 0
gpu_max_FP_MUL_ACC, = 38912
gpu_max_FP_DIV_ACC, = 0
gpu_max_FP_SQRT_ACC, = 0
gpu_max_FP_LG_ACC, = 0
gpu_max_FP_SIN_ACC, = 0
gpu_max_FP_EXP_ACC, = 0
gpu_max_DP_MUL_ACC, = 0
gpu_max_DP_DIV_ACC, = 0
gpu_max_TENSOR_ACC, = 0
gpu_max_TEX_ACC, = 0
gpu_max_MEM_RD, = 1251
gpu_max_MEM_WR, = 485
gpu_max_MEM_PRE, = 43
gpu_max_L2_RH, = 1135
gpu_max_L2_RM, = 1162
gpu_max_L2_WH, = 0
gpu_max_L2_WM, = 694
gpu_max_NOC_A, = 4196
gpu_max_PIPE_A, = 0.525
gpu_max_IDLE_CORE_N, = 0
gpu_max_constant_power = 0

Kernel Minimum Power Data:
kernel_min_power = 25.9261
gpu_min_IBP, = 0.000647648
gpu_min_ICP, = 0.00559492
gpu_min_DCP, = 0.100006
gpu_min_TCP, = 0
gpu_min_CCP, = 0
gpu_min_SHRDP, = 0
gpu_min_RFP, = 0.191321
gpu_min_INTP, = 0.00218118
gpu_min_FPUP, = 0.0331295
gpu_min_DPUP, = 0
gpu_min_INT_MUL24P, = 0
gpu_min_INT_MUL32P, = 0.0637106
gpu_min_INT_MULP, = 0
gpu_min_INT_DIVP, = 0
gpu_min_FP_MULP, = 0.131669
gpu_min_FP_DIVP, = 0
gpu_min_FP_SQRTP, = 0
gpu_min_FP_LGP, = 0
gpu_min_FP_SINP, = 0
gpu_min_FP_EXP, = 0
gpu_min_DP_MULP, = 0
gpu_min_DP_DIVP, = 0
gpu_min_TENSORP, = 0
gpu_min_TEXP, = 0
gpu_min_SCHEDP, = 0.00899092
gpu_min_L2CP, = 0.885749
gpu_min_MCP, = 1.27988
gpu_min_NOCP, = 0.341966
gpu_min_DRAMP, = 1.01554
gpu_min_PIPEP, = 0.218016
gpu_min_IDLE_COREP, = 20.6477
gpu_min_CONSTP = 1
gpu_min_STATICP = 0
gpu_min_TOT_INST, = 128
gpu_min_FP_INT, = 117
gpu_min_IC_H, = 63
gpu_min_IC_M, = 0
gpu_min_DC_RH, = 15
gpu_min_DC_RM, = 12
gpu_min_DC_WH, = 0
gpu_min_DC_WM, = 6
gpu_min_TC_H, = 0
gpu_min_TC_M, = 0
gpu_min_CC_H, = 0
gpu_min_CC_M, = 0
gpu_min_SHRD_ACC, = 0
gpu_min_REG_RD, = 7552
gpu_min_REG_WR, = 3744
gpu_min_NON_REG_OPs, = 1120
gpu_min_INT_ACC, = 1376
gpu_min_FPU_ACC, = 512
gpu_min_DPU_ACC, = 0
gpu_min_INT_MUL24_ACC, = 0
gpu_min_INT_MUL32_ACC, = 480
gpu_min_INT_MUL_ACC, = 0
gpu_min_INT_DIV_ACC, = 0
gpu_min_FP_MUL_ACC, = 992
gpu_min_FP_DIV_ACC, = 0
gpu_min_FP_SQRT_ACC, = 0
gpu_min_FP_LG_ACC, = 0
gpu_min_FP_SIN_ACC, = 0
gpu_min_FP_EXP_ACC, = 0
gpu_min_DP_MUL_ACC, = 0
gpu_min_DP_DIV_ACC, = 0
gpu_min_TENSOR_ACC, = 0
gpu_min_TEX_ACC, = 0
gpu_min_MEM_RD, = 16
gpu_min_MEM_WR, = 22
gpu_min_MEM_PRE, = 1
gpu_min_L2_RH, = 32
gpu_min_L2_RM, = 20
gpu_min_L2_WH, = 0
gpu_min_L2_WM, = 36
gpu_min_NOC_A, = 126
gpu_min_PIPE_A, = 0.00913333
gpu_min_IDLE_CORE_N, = 12.986
gpu_min_constant_power = 0

Accumulative Power Statistics Over Previous Kernels:
gpu_tot_avg_power = 109.832
gpu_tot_max_power = 133.177
gpu_tot_min_power = 5.66354


kernel_name = _Z11hotspotOpt1PfS_S_fiiifffffff 
kernel_launch_uid = 3 

Kernel Average Power Data:
kernel_avg_power = 109.817
gpu_avg_IBP, = 0.0329657
gpu_avg_ICP, = 0.289305
gpu_avg_DCP, = 3.08702
gpu_avg_TCP, = 0
gpu_avg_CCP, = 0
gpu_avg_SHRDP, = 0
gpu_avg_RFP, = 10.295
gpu_avg_INTP, = 0.127983
gpu_avg_FPUP, = 0.925823
gpu_avg_DPUP, = 0
gpu_avg_INT_MUL24P, = 0
gpu_avg_INT_MUL32P, = 4.74779
gpu_avg_INT_MULP, = 0
gpu_avg_INT_DIVP, = 0
gpu_avg_FP_MULP, = 4.40867
gpu_avg_FP_DIVP, = 0
gpu_avg_FP_SQRTP, = 0
gpu_avg_FP_LGP, = 0
gpu_avg_FP_SINP, = 0
gpu_avg_FP_EXP, = 0
gpu_avg_DP_MULP, = 0
gpu_avg_DP_DIVP, = 0
gpu_avg_TENSORP, = 0
gpu_avg_TEXP, = 0
gpu_avg_SCHEDP, = 0.463856
gpu_avg_L2CP, = 15.8897
gpu_avg_MCP, = 4.37846
gpu_avg_NOCP, = 10.5651
gpu_avg_DRAMP, = 43.219
gpu_avg_PIPEP, = 10.1588
gpu_avg_IDLE_COREP, = 0.227447
gpu_avg_CONSTP = 1
gpu_avg_STATICP = 0
gpu_avg_TOT_INST, = 6515.28
gpu_avg_FP_INT, = 6036.21
gpu_avg_IC_H, = 3257.64
gpu_avg_IC_M, = 0
gpu_avg_DC_RH, = 431.881
gpu_avg_DC_RM, = 470.06
gpu_avg_DC_WH, = 0
gpu_avg_DC_WM, = 127.754
gpu_avg_TC_H, = 0
gpu_avg_TC_M, = 0
gpu_avg_CC_H, = 0
gpu_avg_CC_M, = 0
gpu_avg_SHRD_ACC, = 0
gpu_avg_REG_RD, = 336751
gpu_avg_REG_WR, = 181631
gpu_avg_NON_REG_OPs, = 72051.3
gpu_avg_INT_ACC, = 80738.3
gpu_avg_FPU_ACC, = 14308.1
gpu_avg_DPU_ACC, = 0
gpu_avg_INT_MUL24_ACC, = 0
gpu_avg_INT_MUL32_ACC, = 35770.1
gpu_avg_INT_MUL_ACC, = 0
gpu_avg_INT_DIV_ACC, = 0
gpu_avg_FP_MUL_ACC, = 33215.2
gpu_avg_FP_DIV_ACC, = 0
gpu_avg_FP_SQRT_ACC, = 0
gpu_avg_FP_LG_ACC, = 0
gpu_avg_FP_SIN_ACC, = 0
gpu_avg_FP_EXP_ACC, = 0
gpu_avg_DP_MUL_ACC, = 0
gpu_avg_DP_DIV_ACC, = 0
gpu_avg_TENSOR_ACC, = 0
gpu_avg_TEX_ACC, = 0
gpu_avg_MEM_RD, = 1024.83
gpu_avg_MEM_WR, = 255.532
gpu_avg_MEM_PRE, = 246.994
gpu_avg_L2_RH, = 1271.79
gpu_avg_L2_RM, = 1024.83
gpu_avg_L2_WH, = 0
gpu_avg_L2_WM, = 511.025
gpu_avg_NOC_A, = 3892.81
gpu_avg_PIPE_A, = 0.425581
gpu_avg_IDLE_CORE_N, = 0.143049
gpu_avg_constant_power = 0
gpu_avg_threads_per_warp = 32
gpu_tot_TOT_INST, = 3.34234e+06
gpu_tot_FP_INT, = 3.09658e+06
gpu_tot_IC_H, = 1.67117e+06
gpu_tot_IC_M, = 0
gpu_tot_DC_RH, = 221555
gpu_tot_DC_RM, = 241141
gpu_tot_DC_WH, = 0
gpu_tot_DC_WM, = 65538
gpu_tot_TC_H, = 0
gpu_tot_TC_M, = 0
gpu_tot_CC_H, = 0
gpu_tot_CC_M, = 0
gpu_tot_SHRD_ACC, = 0
gpu_tot_REG_RD, = 1.72753e+08
gpu_tot_REG_WR, = 9.31769e+07
gpu_tot_NON_REG_OPs, = 3.69623e+07
gpu_tot_INT_ACC, = 4.14188e+07
gpu_tot_FPU_ACC, = 7.34006e+06
gpu_tot_DPU_ACC, = 0
gpu_tot_INT_MUL24_ACC, = 0
gpu_tot_INT_MUL32_ACC, = 1.83501e+07
gpu_tot_INT_MUL_ACC, = 0
gpu_tot_INT_DIV_ACC, = 0
gpu_tot_FP_MUL_ACC, = 1.70394e+07
gpu_tot_FP_DIV_ACC, = 0
gpu_tot_FP_SQRT_ACC, = 0
gpu_tot_FP_LG_ACC, = 0
gpu_tot_FP_SIN_ACC, = 0
gpu_tot_FP_EXP_ACC, = 0
gpu_tot_DP_MUL_ACC, = 0
gpu_tot_DP_DIV_ACC, = 0
gpu_tot_TENSOR_ACC, = 0
gpu_tot_TEX_ACC, = 0
gpu_tot_MEM_RD, = 525740
gpu_tot_MEM_WR, = 131088
gpu_tot_MEM_PRE, = 126708
gpu_tot_L2_RH, = 652428
gpu_tot_L2_RM, = 525740
gpu_tot_L2_WH, = 0
gpu_tot_L2_WM, = 262156
gpu_tot_NOC_A, = 1.99701e+06
gpu_tot_PIPE_A, = 218.323
gpu_tot_IDLE_CORE_N, = 73.384
gpu_tot_constant_power = 0

Kernel Maximum Power Data:
kernel_max_power = 125.877
gpu_max_IBP, = 0.0428763
gpu_max_ICP, = 0.376369
gpu_max_DCP, = 3.16267
gpu_max_TCP, = 0
gpu_max_CCP, = 0
gpu_max_SHRDP, = 0
gpu_max_RFP, = 12.2521
gpu_max_INTP, = 0.175813
gpu_max_FPUP, = 0.836521
gpu_max_DPUP, = 0
gpu_max_INT_MUL24P, = 0
gpu_max_INT_MUL32P, = 6.71085
gpu_max_INT_MULP, = 0
gpu_max_INT_DIVP, = 0
gpu_max_FP_MULP, = 5.45788
gpu_max_FP_DIVP, = 0
gpu_max_FP_SQRTP, = 0
gpu_max_FP_LGP, = 0
gpu_max_FP_SINP, = 0
gpu_max_FP_EXP, = 0
gpu_max_DP_MULP, = 0
gpu_max_DP_DIVP, = 0
gpu_max_TENSORP, = 0
gpu_max_TEXP, = 0
gpu_max_SCHEDP, = 0.620989
gpu_max_L2CP, = 18.3542
gpu_max_MCP, = 4.83549
gpu_max_NOCP, = 11.521
gpu_max_DRAMP, = 47.8887
gpu_max_PIPEP, = 12.6418
gpu_max_IDLE_COREP, = 0
gpu_max_CONSTP = 1
gpu_max_STATICP = 0
gpu_max_TOT_INST, = 8474
gpu_max_FP_INT, = 8081
gpu_max_IC_H, = 4238
gpu_max_IC_M, = 0
gpu_max_DC_RH, = 421
gpu_max_DC_RM, = 469
gpu_max_DC_WH, = 0
gpu_max_DC_WM, = 175
gpu_max_TC_H, = 0
gpu_max_TC_M, = 0
gpu_max_CC_H, = 0
gpu_max_CC_M, = 0
gpu_max_SHRD_ACC, = 0
gpu_max_REG_RD, = 439296
gpu_max_REG_WR, = 230784
gpu_max_NON_REG_OPs, = 78816
gpu_max_INT_ACC, = 110912
gpu_max_FPU_ACC, = 12928
gpu_max_DPU_ACC, = 0
gpu_max_INT_MUL24_ACC, = 0
gpu_max_INT_MUL32_ACC, = 50560
gpu_max_INT_MUL_ACC, = 0
gpu_max_INT_DIV_ACC, = 0
gpu_max_FP_MUL_ACC, = 41120
gpu_max_FP_DIV_ACC, = 0
gpu_max_FP_SQRT_ACC, = 0
gpu_max_FP_LG_ACC, = 0
gpu_max_FP_SIN_ACC, = 0
gpu_max_FP_EXP_ACC, = 0
gpu_max_DP_MUL_ACC, = 0
gpu_max_DP_DIV_ACC, = 0
gpu_max_TENSOR_ACC, = 0
gpu_max_TEX_ACC, = 0
gpu_max_MEM_RD, = 1143
gpu_max_MEM_WR, = 332
gpu_max_MEM_PRE, = 65
gpu_max_L2_RH, = 1212
gpu_max_L2_RM, = 930
gpu_max_L2_WH, = 0
gpu_max_L2_WM, = 640
gpu_max_NOC_A, = 4245
gpu_max_PIPE_A, = 0.529601
gpu_max_IDLE_CORE_N, = 0
gpu_max_constant_power = 0

Kernel Minimum Power Data:
kernel_min_power = 23.1997
gpu_min_IBP, = 0.000961352
gpu_min_ICP, = 0.00843678
gpu_min_DCP, = 0.210072
gpu_min_TCP, = 0
gpu_min_CCP, = 0
gpu_min_SHRDP, = 0
gpu_min_RFP, = 0.285028
gpu_min_INTP, = 0.00162321
gpu_min_FPUP, = 0.0786826
gpu_min_DPUP, = 0
gpu_min_INT_MUL24P, = 0
gpu_min_INT_MUL32P, = 0.0297316
gpu_min_INT_MULP, = 0
gpu_min_INT_DIVP, = 0
gpu_min_FP_MULP, = 0.301564
gpu_min_FP_DIVP, = 0
gpu_min_FP_SQRTP, = 0
gpu_min_FP_LGP, = 0
gpu_min_FP_SINP, = 0
gpu_min_FP_EXP, = 0
gpu_min_DP_MULP, = 0
gpu_min_DP_DIVP, = 0
gpu_min_TENSORP, = 0
gpu_min_TEXP, = 0
gpu_min_SCHEDP, = 0.0126027
gpu_min_L2CP, = 1.74939
gpu_min_MCP, = 1.49877
gpu_min_NOCP, = 0.827774
gpu_min_DRAMP, = 3.88008
gpu_min_PIPEP, = 0.391474
gpu_min_IDLE_COREP, = 12.9235
gpu_min_CONSTP = 1
gpu_min_STATICP = 0
gpu_min_TOT_INST, = 190
gpu_min_FP_INT, = 164
gpu_min_IC_H, = 95
gpu_min_IC_M, = 0
gpu_min_DC_RH, = 28
gpu_min_DC_RM, = 22
gpu_min_DC_WH, = 0
gpu_min_DC_WM, = 21
gpu_min_TC_H, = 0
gpu_min_TC_M, = 0
gpu_min_CC_H, = 0
gpu_min_CC_M, = 0
gpu_min_SHRD_ACC, = 0
gpu_min_REG_RD, = 13728
gpu_min_REG_WR, = 5728
gpu_min_NON_REG_OPs, = 1312
gpu_min_INT_ACC, = 1024
gpu_min_FPU_ACC, = 1216
gpu_min_DPU_ACC, = 0
gpu_min_INT_MUL24_ACC, = 0
gpu_min_INT_MUL32_ACC, = 224
gpu_min_INT_MUL_ACC, = 0
gpu_min_INT_DIV_ACC, = 0
gpu_min_FP_MUL_ACC, = 2272
gpu_min_FP_DIV_ACC, = 0
gpu_min_FP_SQRT_ACC, = 0
gpu_min_FP_LG_ACC, = 0
gpu_min_FP_SIN_ACC, = 0
gpu_min_FP_EXP_ACC, = 0
gpu_min_DP_MUL_ACC, = 0
gpu_min_DP_DIV_ACC, = 0
gpu_min_TENSOR_ACC, = 0
gpu_min_TEX_ACC, = 0
gpu_min_MEM_RD, = 80
gpu_min_MEM_WR, = 50
gpu_min_MEM_PRE, = 4
gpu_min_L2_RH, = 36
gpu_min_L2_RM, = 66
gpu_min_L2_WH, = 0
gpu_min_L2_WM, = 76
gpu_min_NOC_A, = 305
gpu_min_PIPE_A, = 0.0164
gpu_min_IDLE_CORE_N, = 8.128
gpu_min_constant_power = 0

Accumulative Power Statistics Over Previous Kernels:
gpu_tot_avg_power = 109.827
gpu_tot_max_power = 133.177
gpu_tot_min_power = 5.66354


kernel_name = _Z11hotspotOpt1PfS_S_fiiifffffff 
kernel_launch_uid = 4 

Kernel Average Power Data:
kernel_avg_power = 108.833
gpu_avg_IBP, = 0.0325845
gpu_avg_ICP, = 0.28596
gpu_avg_DCP, = 3.04928
gpu_avg_TCP, = 0
gpu_avg_CCP, = 0
gpu_avg_SHRDP, = 0
gpu_avg_RFP, = 10.1763
gpu_avg_INTP, = 0.126504
gpu_avg_FPUP, = 0.915111
gpu_avg_DPUP, = 0
gpu_avg_INT_MUL24P, = 0
gpu_avg_INT_MUL32P, = 4.6929
gpu_avg_INT_MULP, = 0
gpu_avg_INT_DIVP, = 0
gpu_avg_FP_MULP, = 4.35769
gpu_avg_FP_DIVP, = 0
gpu_avg_FP_SQRTP, = 0
gpu_avg_FP_LGP, = 0
gpu_avg_FP_SINP, = 0
gpu_avg_FP_EXP, = 0
gpu_avg_DP_MULP, = 0
gpu_avg_DP_DIVP, = 0
gpu_avg_TENSORP, = 0
gpu_avg_TEXP, = 0
gpu_avg_SCHEDP, = 0.458493
gpu_avg_L2CP, = 15.7198
gpu_avg_MCP, = 4.34104
gpu_avg_NOCP, = 10.4553
gpu_avg_DRAMP, = 42.6866
gpu_avg_PIPEP, = 10.0435
gpu_avg_IDLE_COREP, = 0.491797
gpu_avg_CONSTP = 1
gpu_avg_STATICP = 0
gpu_avg_TOT_INST, = 6439.95
gpu_avg_FP_INT, = 5966.43
gpu_avg_IC_H, = 3219.97
gpu_avg_IC_M, = 0
gpu_avg_DC_RH, = 425.973
gpu_avg_DC_RM, = 465.123
gpu_avg_DC_WH, = 0
gpu_avg_DC_WM, = 126.272
gpu_avg_TC_H, = 0
gpu_avg_TC_M, = 0
gpu_avg_CC_H, = 0
gpu_avg_CC_M, = 0
gpu_avg_SHRD_ACC, = 0
gpu_avg_REG_RD, = 332857
gpu_avg_REG_WR, = 179579
gpu_avg_NON_REG_OPs, = 71218.3
gpu_avg_INT_ACC, = 79804.9
gpu_avg_FPU_ACC, = 14142.6
gpu_avg_DPU_ACC, = 0
gpu_avg_INT_MUL24_ACC, = 0
gpu_avg_INT_MUL32_ACC, = 35356.6
gpu_avg_INT_MUL_ACC, = 0
gpu_avg_INT_DIV_ACC, = 0
gpu_avg_FP_MUL_ACC, = 32831.1
gpu_avg_FP_DIV_ACC, = 0
gpu_avg_FP_SQRT_ACC, = 0
gpu_avg_FP_LG_ACC, = 0
gpu_avg_FP_SIN_ACC, = 0
gpu_avg_FP_EXP_ACC, = 0
gpu_avg_DP_MUL_ACC, = 0
gpu_avg_DP_DIV_ACC, = 0
gpu_avg_TENSOR_ACC, = 0
gpu_avg_TEX_ACC, = 0
gpu_avg_MEM_RD, = 1012.96
gpu_avg_MEM_WR, = 252.509
gpu_avg_MEM_PRE, = 239.025
gpu_avg_L2_RH, = 1260.77
gpu_avg_L2_RM, = 1012.96
gpu_avg_L2_WH, = 0
gpu_avg_L2_WM, = 505.087
gpu_avg_NOC_A, = 3852.33
gpu_avg_PIPE_A, = 0.420751
gpu_avg_IDLE_CORE_N, = 0.309306
gpu_avg_constant_power = 0
gpu_avg_threads_per_warp = 32
gpu_tot_TOT_INST, = 3.34233e+06
gpu_tot_FP_INT, = 3.09658e+06
gpu_tot_IC_H, = 1.67117e+06
gpu_tot_IC_M, = 0
gpu_tot_DC_RH, = 221080
gpu_tot_DC_RM, = 241399
gpu_tot_DC_WH, = 0
gpu_tot_DC_WM, = 65535
gpu_tot_TC_H, = 0
gpu_tot_TC_M, = 0
gpu_tot_CC_H, = 0
gpu_tot_CC_M, = 0
gpu_tot_SHRD_ACC, = 0
gpu_tot_REG_RD, = 1.72753e+08
gpu_tot_REG_WR, = 9.32017e+07
gpu_tot_NON_REG_OPs, = 3.69623e+07
gpu_tot_INT_ACC, = 4.14188e+07
gpu_tot_FPU_ACC, = 7.34e+06
gpu_tot_DPU_ACC, = 0
gpu_tot_INT_MUL24_ACC, = 0
gpu_tot_INT_MUL32_ACC, = 1.83501e+07
gpu_tot_INT_MUL_ACC, = 0
gpu_tot_INT_DIV_ACC, = 0
gpu_tot_FP_MUL_ACC, = 1.70394e+07
gpu_tot_FP_DIV_ACC, = 0
gpu_tot_FP_SQRT_ACC, = 0
gpu_tot_FP_LG_ACC, = 0
gpu_tot_FP_SIN_ACC, = 0
gpu_tot_FP_EXP_ACC, = 0
gpu_tot_DP_MUL_ACC, = 0
gpu_tot_DP_DIV_ACC, = 0
gpu_tot_TENSOR_ACC, = 0
gpu_tot_TEX_ACC, = 0
gpu_tot_MEM_RD, = 525724
gpu_tot_MEM_WR, = 131052
gpu_tot_MEM_PRE, = 124054
gpu_tot_L2_RH, = 654340
gpu_tot_L2_RM, = 525724
gpu_tot_L2_WH, = 0
gpu_tot_L2_WM, = 262140
gpu_tot_NOC_A, = 1.99936e+06
gpu_tot_PIPE_A, = 218.37
gpu_tot_IDLE_CORE_N, = 160.53
gpu_tot_constant_power = 0

Kernel Maximum Power Data:
kernel_max_power = 129.595
gpu_max_IBP, = 0.0413078
gpu_max_ICP, = 0.362604
gpu_max_DCP, = 2.72453
gpu_max_TCP, = 0
gpu_max_CCP, = 0
gpu_max_SHRDP, = 0
gpu_max_RFP, = 11.873
gpu_max_INTP, = 0.17206
gpu_max_FPUP, = 0.718497
gpu_max_DPUP, = 0
gpu_max_INT_MUL24P, = 0
gpu_max_INT_MUL32P, = 6.76182
gpu_max_INT_MULP, = 0
gpu_max_INT_DIVP, = 0
gpu_max_FP_MULP, = 5.07137
gpu_max_FP_DIVP, = 0
gpu_max_FP_SQRTP, = 0
gpu_max_FP_LGP, = 0
gpu_max_FP_SINP, = 0
gpu_max_FP_EXP, = 0
gpu_max_DP_MULP, = 0
gpu_max_DP_DIVP, = 0
gpu_max_TENSORP, = 0
gpu_max_TEXP, = 0
gpu_max_SCHEDP, = 0.597935
gpu_max_L2CP, = 18.5596
gpu_max_MCP, = 5.24193
gpu_max_NOCP, = 11.1844
gpu_max_DRAMP, = 53.0876
gpu_max_PIPEP, = 12.1978
gpu_max_IDLE_COREP, = 0
gpu_max_CONSTP = 1
gpu_max_STATICP = 0
gpu_max_TOT_INST, = 8164
gpu_max_FP_INT, = 7781
gpu_max_IC_H, = 4083
gpu_max_IC_M, = 0
gpu_max_DC_RH, = 340
gpu_max_DC_RM, = 427
gpu_max_DC_WH, = 0
gpu_max_DC_WM, = 160
gpu_max_TC_H, = 0
gpu_max_TC_M, = 0
gpu_max_CC_H, = 0
gpu_max_CC_M, = 0
gpu_max_SHRD_ACC, = 0
gpu_max_REG_RD, = 421792
gpu_max_REG_WR, = 224928
gpu_max_NON_REG_OPs, = 76768
gpu_max_INT_ACC, = 108544
gpu_max_FPU_ACC, = 11104
gpu_max_DPU_ACC, = 0
gpu_max_INT_MUL24_ACC, = 0
gpu_max_INT_MUL32_ACC, = 50944
gpu_max_INT_MUL_ACC, = 0
gpu_max_INT_DIV_ACC, = 0
gpu_max_FP_MUL_ACC, = 38208
gpu_max_FP_DIV_ACC, = 0
gpu_max_FP_SQRT_ACC, = 0
gpu_max_FP_LG_ACC, = 0
gpu_max_FP_SIN_ACC, = 0
gpu_max_FP_EXP_ACC, = 0
gpu_max_DP_MUL_ACC, = 0
gpu_max_DP_DIV_ACC, = 0
gpu_max_TENSOR_ACC, = 0
gpu_max_TEX_ACC, = 0
gpu_max_MEM_RD, = 1205
gpu_max_MEM_WR, = 488
gpu_max_MEM_PRE, = 45
gpu_max_L2_RH, = 1142
gpu_max_L2_RM, = 1200
gpu_max_L2_WH, = 0
gpu_max_L2_WM, = 661
gpu_max_NOC_A, = 4121
gpu_max_PIPE_A, = 0.511
gpu_max_IDLE_CORE_N, = 0
gpu_max_constant_power = 0

Kernel Minimum Power Data:
kernel_min_power = 26.0623
gpu_min_IBP, = 5.05975e-05
gpu_min_ICP, = 0.000444041
gpu_min_DCP, = 0.0177445
gpu_min_TCP, = 0
gpu_min_CCP, = 0
gpu_min_SHRDP, = 0
gpu_min_RFP, = 0.0171406
gpu_min_INTP, = 0
gpu_min_FPUP, = 0.00828238
gpu_min_DPUP, = 0
gpu_min_INT_MUL24P, = 0
gpu_min_INT_MUL32P, = 0
gpu_min_INT_MULP, = 0
gpu_min_INT_DIVP, = 0
gpu_min_FP_MULP, = 0.0254843
gpu_min_FP_DIVP, = 0
gpu_min_FP_SQRTP, = 0
gpu_min_FP_LGP, = 0
gpu_min_FP_SINP, = 0
gpu_min_FP_EXP, = 0
gpu_min_DP_MULP, = 0
gpu_min_DP_DIVP, = 0
gpu_min_TENSORP, = 0
gpu_min_TEXP, = 0
gpu_min_SCHEDP, = 0.000537919
gpu_min_L2CP, = 0.52224
gpu_min_MCP, = 1.23646
gpu_min_NOCP, = 0.157413
gpu_min_DRAMP, = 0.783126
gpu_min_PIPEP, = 0.0334185
gpu_min_IDLE_COREP, = 22.26
gpu_min_CONSTP = 1
gpu_min_STATICP = 0
gpu_min_TOT_INST, = 10
gpu_min_FP_INT, = 7
gpu_min_IC_H, = 5
gpu_min_IC_M, = 0
gpu_min_DC_RH, = 0
gpu_min_DC_RM, = 4
gpu_min_DC_WH, = 0
gpu_min_DC_WM, = 3
gpu_min_TC_H, = 0
gpu_min_TC_M, = 0
gpu_min_CC_H, = 0
gpu_min_CC_M, = 0
gpu_min_SHRD_ACC, = 0
gpu_min_REG_RD, = 1056
gpu_min_REG_WR, = 480
gpu_min_NON_REG_OPs, = 32
gpu_min_INT_ACC, = 0
gpu_min_FPU_ACC, = 128
gpu_min_DPU_ACC, = 0
gpu_min_INT_MUL24_ACC, = 0
gpu_min_INT_MUL32_ACC, = 0
gpu_min_INT_MUL_ACC, = 0
gpu_min_INT_DIV_ACC, = 0
gpu_min_FP_MUL_ACC, = 192
gpu_min_FP_DIV_ACC, = 0
gpu_min_FP_SQRT_ACC, = 0
gpu_min_FP_LG_ACC, = 0
gpu_min_FP_SIN_ACC, = 0
gpu_min_FP_EXP_ACC, = 0
gpu_min_DP_MUL_ACC, = 0
gpu_min_DP_DIV_ACC, = 0
gpu_min_TENSOR_ACC, = 0
gpu_min_TEX_ACC, = 0
gpu_min_MEM_RD, = 16
gpu_min_MEM_WR, = 10
gpu_min_MEM_PRE, = 2
gpu_min_L2_RH, = 4
gpu_min_L2_RM, = 12
gpu_min_L2_WH, = 0
gpu_min_L2_WM, = 24
gpu_min_NOC_A, = 58
gpu_min_PIPE_A, = 0.0014
gpu_min_IDLE_CORE_N, = 14
gpu_min_constant_power = 0

Accumulative Power Statistics Over Previous Kernels:
gpu_tot_avg_power = 109.576
gpu_tot_max_power = 133.177
gpu_tot_min_power = 5.66354


