kernel_name = _Z11hotspotOpt1PfS_S_fiiifffffff 
kernel_launch_uid = 1 

Kernel Average Power Data:
kernel_avg_power = 138.571
gpu_avg_IBP, = 0.0419429
gpu_avg_ICP, = 0.391758
gpu_avg_DCP, = 3.94481
gpu_avg_TCP, = 0
gpu_avg_CCP, = 0
gpu_avg_SHRDP, = 0
gpu_avg_RFP, = 13.0973
gpu_avg_INTP, = 0.162836
gpu_avg_FPUP, = 1.17794
gpu_avg_DPUP, = 0
gpu_avg_INT_MUL24P, = 0
gpu_avg_INT_MUL32P, = 6.04071
gpu_avg_INT_MULP, = 0
gpu_avg_INT_DIVP, = 0
gpu_avg_FP_MULP, = 5.60923
gpu_avg_FP_DIVP, = 0
gpu_avg_FP_SQRTP, = 0
gpu_avg_FP_LGP, = 0
gpu_avg_FP_SINP, = 0
gpu_avg_FP_EXP, = 0
gpu_avg_DP_MULP, = 0
gpu_avg_DP_DIVP, = 0
gpu_avg_TENSORP, = 0
gpu_avg_TEXP, = 0
gpu_avg_SCHEDP, = 0.590174
gpu_avg_L2CP, = 20.2457
gpu_avg_MCP, = 5.23114
gpu_avg_NOCP, = 13.4693
gpu_avg_DRAMP, = 54.4655
gpu_avg_PIPEP, = 12.9329
gpu_avg_IDLE_COREP, = 0.16949
gpu_avg_CONSTP = 1
gpu_avg_STATICP = 0
gpu_avg_TOT_INST, = 5802.67
gpu_avg_FP_INT, = 5376
gpu_avg_IC_H, = 2895.71
gpu_avg_IC_M, = 5.61979
gpu_avg_DC_RH, = 383.533
gpu_avg_DC_RM, = 424.887
gpu_avg_DC_WH, = 0
gpu_avg_DC_WM, = 113.778
gpu_avg_TC_H, = 0
gpu_avg_TC_M, = 0
gpu_avg_CC_H, = 0
gpu_avg_CC_M, = 0
gpu_avg_SHRD_ACC, = 0
gpu_avg_REG_RD, = 299918
gpu_avg_REG_WR, = 161667
gpu_avg_NON_REG_OPs, = 64170.7
gpu_avg_INT_ACC, = 71907.6
gpu_avg_FPU_ACC, = 12743.1
gpu_avg_DPU_ACC, = 0
gpu_avg_INT_MUL24_ACC, = 0
gpu_avg_INT_MUL32_ACC, = 31857.8
gpu_avg_INT_MUL_ACC, = 0
gpu_avg_INT_DIV_ACC, = 0
gpu_avg_FP_MUL_ACC, = 29582.2
gpu_avg_FP_DIV_ACC, = 0
gpu_avg_FP_SQRT_ACC, = 0
gpu_avg_FP_LG_ACC, = 0
gpu_avg_FP_SIN_ACC, = 0
gpu_avg_FP_EXP_ACC, = 0
gpu_avg_DP_MUL_ACC, = 0
gpu_avg_DP_DIV_ACC, = 0
gpu_avg_TENSOR_ACC, = 0
gpu_avg_TEX_ACC, = 0
gpu_avg_MEM_RD, = 913.035
gpu_avg_MEM_WR, = 220.365
gpu_avg_MEM_PRE, = 180.641
gpu_avg_L2_RH, = 1137.98
gpu_avg_L2_RM, = 913.035
gpu_avg_L2_WH, = 0
gpu_avg_L2_WM, = 455.104
gpu_avg_NOC_A, = 3474.01
gpu_avg_PIPE_A, = 0.379259
gpu_avg_IDLE_CORE_N, = 0.106597
gpu_avg_constant_power = 0
gpu_avg_threads_per_warp = 31.9444
gpu_tot_TOT_INST, = 3.34234e+06
gpu_tot_FP_INT, = 3.09658e+06
gpu_tot_IC_H, = 1.66793e+06
gpu_tot_IC_M, = 3237
gpu_tot_DC_RH, = 220915
gpu_tot_DC_RM, = 244735
gpu_tot_DC_WH, = 0
gpu_tot_DC_WM, = 65536
gpu_tot_TC_H, = 0
gpu_tot_TC_M, = 0
gpu_tot_CC_H, = 0
gpu_tot_CC_M, = 0
gpu_tot_SHRD_ACC, = 0
gpu_tot_REG_RD, = 1.72753e+08
gpu_tot_REG_WR, = 9.31204e+07
gpu_tot_NON_REG_OPs, = 3.69623e+07
gpu_tot_INT_ACC, = 4.14188e+07
gpu_tot_FPU_ACC, = 7.34003e+06
gpu_tot_DPU_ACC, = 0
gpu_tot_INT_MUL24_ACC, = 0
gpu_tot_INT_MUL32_ACC, = 1.83501e+07
gpu_tot_INT_MUL_ACC, = 0
gpu_tot_INT_DIV_ACC, = 0
gpu_tot_FP_MUL_ACC, = 1.70394e+07
gpu_tot_FP_DIV_ACC, = 0
gpu_tot_FP_SQRT_ACC, = 0
gpu_tot_FP_LG_ACC, = 0
gpu_tot_FP_SIN_ACC, = 0
gpu_tot_FP_EXP_ACC, = 0
gpu_tot_DP_MUL_ACC, = 0
gpu_tot_DP_DIV_ACC, = 0
gpu_tot_TENSOR_ACC, = 0
gpu_tot_TEX_ACC, = 0
gpu_tot_MEM_RD, = 525908
gpu_tot_MEM_WR, = 126930
gpu_tot_MEM_PRE, = 104049
gpu_tot_L2_RH, = 655476
gpu_tot_L2_RM, = 525908
gpu_tot_L2_WH, = 0
gpu_tot_L2_WM, = 262140
gpu_tot_NOC_A, = 2.00103e+06
gpu_tot_PIPE_A, = 218.453
gpu_tot_IDLE_CORE_N, = 61.4
gpu_tot_constant_power = 0

Kernel Maximum Power Data:
kernel_max_power = 173.2
gpu_max_IBP, = 0.0549055
gpu_max_ICP, = 0.611905
gpu_max_DCP, = 2.72895
gpu_max_TCP, = 0
gpu_max_CCP, = 0
gpu_max_SHRDP, = 0
gpu_max_RFP, = 14.9865
gpu_max_INTP, = 0.227828
gpu_max_FPUP, = 1.73043
gpu_max_DPUP, = 0
gpu_max_INT_MUL24P, = 0
gpu_max_INT_MUL32P, = 10.7459
gpu_max_INT_MULP, = 0
gpu_max_INT_DIVP, = 0
gpu_max_FP_MULP, = 5.12719
gpu_max_FP_DIVP, = 0
gpu_max_FP_SQRTP, = 0
gpu_max_FP_LGP, = 0
gpu_max_FP_SINP, = 0
gpu_max_FP_EXP, = 0
gpu_max_DP_MULP, = 0
gpu_max_DP_DIVP, = 0
gpu_max_TENSORP, = 0
gpu_max_TEXP, = 0
gpu_max_SCHEDP, = 0.769333
gpu_max_L2CP, = 28.9771
gpu_max_MCP, = 5.62725
gpu_max_NOCP, = 14.834
gpu_max_DRAMP, = 69.4743
gpu_max_PIPEP, = 16.3046
gpu_max_IDLE_COREP, = 0
gpu_max_CONSTP = 1
gpu_max_STATICP = 0
gpu_max_TOT_INST, = 7596
gpu_max_FP_INT, = 7008
gpu_max_IC_H, = 3763
gpu_max_IC_M, = 31
gpu_max_DC_RH, = 108
gpu_max_DC_RM, = 392
gpu_max_DC_WH, = 0
gpu_max_DC_WM, = 206
gpu_max_TC_H, = 0
gpu_max_TC_M, = 0
gpu_max_CC_H, = 0
gpu_max_CC_M, = 0
gpu_max_SHRD_ACC, = 0
gpu_max_REG_RD, = 387200
gpu_max_REG_WR, = 213600
gpu_max_NON_REG_OPs, = 64160
gpu_max_INT_ACC, = 100608
gpu_max_FPU_ACC, = 18720
gpu_max_DPU_ACC, = 0
gpu_max_INT_MUL24_ACC, = 0
gpu_max_INT_MUL32_ACC, = 56672
gpu_max_INT_MUL_ACC, = 0
gpu_max_INT_DIV_ACC, = 0
gpu_max_FP_MUL_ACC, = 27040
gpu_max_FP_DIV_ACC, = 0
gpu_max_FP_SQRT_ACC, = 0
gpu_max_FP_LG_ACC, = 0
gpu_max_FP_SIN_ACC, = 0
gpu_max_FP_EXP_ACC, = 0
gpu_max_DP_MUL_ACC, = 0
gpu_max_DP_DIV_ACC, = 0
gpu_max_TENSOR_ACC, = 0
gpu_max_TEX_ACC, = 0
gpu_max_MEM_RD, = 1348
gpu_max_MEM_WR, = 0
gpu_max_MEM_PRE, = 65
gpu_max_L2_RH, = 563
gpu_max_L2_RM, = 1064
gpu_max_L2_WH, = 0
gpu_max_L2_WM, = 852
gpu_max_NOC_A, = 3826
gpu_max_PIPE_A, = 0.478133
gpu_max_IDLE_CORE_N, = 0
gpu_max_constant_power = 0

Kernel Minimum Power Data:
kernel_min_power = 7.13761
gpu_min_IBP, = 0.0108423
gpu_min_ICP, = 2.11679
gpu_min_DCP, = 0
gpu_min_TCP, = 0
gpu_min_CCP, = 0
gpu_min_SHRDP, = 0
gpu_min_RFP, = 1.73013
gpu_min_INTP, = 0
gpu_min_FPUP, = 0
gpu_min_DPUP, = 0
gpu_min_INT_MUL24P, = 0
gpu_min_INT_MUL32P, = 0
gpu_min_INT_MULP, = 0
gpu_min_INT_DIVP, = 0
gpu_min_FP_MULP, = 0
gpu_min_FP_DIVP, = 0
gpu_min_FP_SQRTP, = 0
gpu_min_FP_LGP, = 0
gpu_min_FP_SINP, = 0
gpu_min_FP_EXP, = 0
gpu_min_DP_MULP, = 0
gpu_min_DP_DIVP, = 0
gpu_min_TENSORP, = 0
gpu_min_TEXP, = 0
gpu_min_SCHEDP, = 0.164669
gpu_min_L2CP, = 0.326609
gpu_min_MCP, = 1.1874
gpu_min_NOCP, = 0.348944
gpu_min_DRAMP, = 0.204523
gpu_min_PIPEP, = 0
gpu_min_IDLE_COREP, = 0.0476996
gpu_min_CONSTP = 1
gpu_min_STATICP = 0
gpu_min_TOT_INST, = 1500
gpu_min_FP_INT, = 1500
gpu_min_IC_H, = 270
gpu_min_IC_M, = 480
gpu_min_DC_RH, = 0
gpu_min_DC_RM, = 0
gpu_min_DC_WH, = 0
gpu_min_DC_WM, = 0
gpu_min_TC_H, = 0
gpu_min_TC_M, = 0
gpu_min_CC_H, = 0
gpu_min_CC_M, = 0
gpu_min_SHRD_ACC, = 0
gpu_min_REG_RD, = 0
gpu_min_REG_WR, = 0
gpu_min_NON_REG_OPs, = 16320
gpu_min_INT_ACC, = 0
gpu_min_FPU_ACC, = 0
gpu_min_DPU_ACC, = 0
gpu_min_INT_MUL24_ACC, = 0
gpu_min_INT_MUL32_ACC, = 0
gpu_min_INT_MUL_ACC, = 0
gpu_min_INT_DIV_ACC, = 0
gpu_min_FP_MUL_ACC, = 0
gpu_min_FP_DIV_ACC, = 0
gpu_min_FP_SQRT_ACC, = 0
gpu_min_FP_LG_ACC, = 0
gpu_min_FP_SIN_ACC, = 0
gpu_min_FP_EXP_ACC, = 0
gpu_min_DP_MUL_ACC, = 0
gpu_min_DP_DIV_ACC, = 0
gpu_min_TENSOR_ACC, = 0
gpu_min_TEX_ACC, = 0
gpu_min_MEM_RD, = 4
gpu_min_MEM_WR, = 0
gpu_min_MEM_PRE, = 0
gpu_min_L2_RH, = 58
gpu_min_L2_RM, = 6
gpu_min_L2_WH, = 0
gpu_min_L2_WM, = 0
gpu_min_NOC_A, = 90
gpu_min_PIPE_A, = 0
gpu_min_IDLE_CORE_N, = 0.0299997
gpu_min_constant_power = 0

Accumulative Power Statistics Over Previous Kernels:
gpu_tot_avg_power = 138.571
gpu_tot_max_power = 173.2
gpu_tot_min_power = 7.13761


kernel_name = _Z11hotspotOpt1PfS_S_fiiifffffff 
kernel_launch_uid = 2 

Kernel Average Power Data:
kernel_avg_power = 139.588
gpu_avg_IBP, = 0.0421625
gpu_avg_ICP, = 0.370016
gpu_avg_DCP, = 3.95716
gpu_avg_TCP, = 0
gpu_avg_CCP, = 0
gpu_avg_SHRDP, = 0
gpu_avg_RFP, = 13.1674
gpu_avg_INTP, = 0.163688
gpu_avg_FPUP, = 1.1841
gpu_avg_DPUP, = 0
gpu_avg_INT_MUL24P, = 0
gpu_avg_INT_MUL32P, = 6.07234
gpu_avg_INT_MULP, = 0
gpu_avg_INT_DIVP, = 0
gpu_avg_FP_MULP, = 5.63859
gpu_avg_FP_DIVP, = 0
gpu_avg_FP_SQRTP, = 0
gpu_avg_FP_LGP, = 0
gpu_avg_FP_SINP, = 0
gpu_avg_FP_EXP, = 0
gpu_avg_DP_MULP, = 0
gpu_avg_DP_DIVP, = 0
gpu_avg_TENSORP, = 0
gpu_avg_TEXP, = 0
gpu_avg_SCHEDP, = 0.593263
gpu_avg_L2CP, = 20.4662
gpu_avg_MCP, = 5.27593
gpu_avg_NOCP, = 13.6379
gpu_avg_DRAMP, = 54.881
gpu_avg_PIPEP, = 12.9957
gpu_avg_IDLE_COREP, = 0.142684
gpu_avg_CONSTP = 1
gpu_avg_STATICP = 0
gpu_avg_TOT_INST, = 5833.04
gpu_avg_FP_INT, = 5404.14
gpu_avg_IC_H, = 2916.52
gpu_avg_IC_M, = 0
gpu_avg_DC_RH, = 380.187
gpu_avg_DC_RM, = 432.393
gpu_avg_DC_WH, = 0
gpu_avg_DC_WM, = 114.372
gpu_avg_TC_H, = 0
gpu_avg_TC_M, = 0
gpu_avg_CC_H, = 0
gpu_avg_CC_M, = 0
gpu_avg_SHRD_ACC, = 0
gpu_avg_REG_RD, = 301488
gpu_avg_REG_WR, = 162642
gpu_avg_NON_REG_OPs, = 64506.6
gpu_avg_INT_ACC, = 72284
gpu_avg_FPU_ACC, = 12809.8
gpu_avg_DPU_ACC, = 0
gpu_avg_INT_MUL24_ACC, = 0
gpu_avg_INT_MUL32_ACC, = 32024.6
gpu_avg_INT_MUL_ACC, = 0
gpu_avg_INT_DIV_ACC, = 0
gpu_avg_FP_MUL_ACC, = 29737
gpu_avg_FP_DIV_ACC, = 0
gpu_avg_FP_SQRT_ACC, = 0
gpu_avg_FP_LG_ACC, = 0
gpu_avg_FP_SIN_ACC, = 0
gpu_avg_FP_EXP_ACC, = 0
gpu_avg_DP_MUL_ACC, = 0
gpu_avg_DP_DIV_ACC, = 0
gpu_avg_TENSOR_ACC, = 0
gpu_avg_TEX_ACC, = 0
gpu_avg_MEM_RD, = 917.675
gpu_avg_MEM_WR, = 228.541
gpu_avg_MEM_PRE, = 174.277
gpu_avg_L2_RH, = 1164.34
gpu_avg_L2_RM, = 917.675
gpu_avg_L2_WH, = 0
gpu_avg_L2_WM, = 457.487
gpu_avg_NOC_A, = 3517.49
gpu_avg_PIPE_A, = 0.381101
gpu_avg_IDLE_CORE_N, = 0.0897382
gpu_avg_constant_power = 0
gpu_avg_threads_per_warp = 32
gpu_tot_TOT_INST, = 3.34233e+06
gpu_tot_FP_INT, = 3.09658e+06
gpu_tot_IC_H, = 1.67117e+06
gpu_tot_IC_M, = 0
gpu_tot_DC_RH, = 217847
gpu_tot_DC_RM, = 247761
gpu_tot_DC_WH, = 0
gpu_tot_DC_WM, = 65535
gpu_tot_TC_H, = 0
gpu_tot_TC_M, = 0
gpu_tot_CC_H, = 0
gpu_tot_CC_M, = 0
gpu_tot_SHRD_ACC, = 0
gpu_tot_REG_RD, = 1.72753e+08
gpu_tot_REG_WR, = 9.3194e+07
gpu_tot_NON_REG_OPs, = 3.69623e+07
gpu_tot_INT_ACC, = 4.14188e+07
gpu_tot_FPU_ACC, = 7.34e+06
gpu_tot_DPU_ACC, = 0
gpu_tot_INT_MUL24_ACC, = 0
gpu_tot_INT_MUL32_ACC, = 1.83501e+07
gpu_tot_INT_MUL_ACC, = 0
gpu_tot_INT_DIV_ACC, = 0
gpu_tot_FP_MUL_ACC, = 1.70393e+07
gpu_tot_FP_DIV_ACC, = 0
gpu_tot_FP_SQRT_ACC, = 0
gpu_tot_FP_LG_ACC, = 0
gpu_tot_FP_SIN_ACC, = 0
gpu_tot_FP_EXP_ACC, = 0
gpu_tot_DP_MUL_ACC, = 0
gpu_tot_DP_DIV_ACC, = 0
gpu_tot_TENSOR_ACC, = 0
gpu_tot_TEX_ACC, = 0
gpu_tot_MEM_RD, = 525828
gpu_tot_MEM_WR, = 130954
gpu_tot_MEM_PRE, = 99861
gpu_tot_L2_RH, = 667164
gpu_tot_L2_RM, = 525828
gpu_tot_L2_WH, = 0
gpu_tot_L2_WM, = 262140
gpu_tot_NOC_A, = 2.01552e+06
gpu_tot_PIPE_A, = 218.371
gpu_tot_IDLE_CORE_N, = 51.42
gpu_tot_constant_power = 0

Kernel Maximum Power Data:
kernel_max_power = 165.731
gpu_max_IBP, = 0.0533586
gpu_max_ICP, = 0.469034
gpu_max_DCP, = 3.30326
gpu_max_TCP, = 0
gpu_max_CCP, = 0
gpu_max_SHRDP, = 0
gpu_max_RFP, = 15.162
gpu_max_INTP, = 0.220002
gpu_max_FPUP, = 0.98797
gpu_max_DPUP, = 0
gpu_max_INT_MUL24P, = 0
gpu_max_INT_MUL32P, = 8.37946
gpu_max_INT_MULP, = 0
gpu_max_INT_DIVP, = 0
gpu_max_FP_MULP, = 7.02637
gpu_max_FP_DIVP, = 0
gpu_max_FP_SQRTP, = 0
gpu_max_FP_LGP, = 0
gpu_max_FP_SINP, = 0
gpu_max_FP_EXP, = 0
gpu_max_DP_MULP, = 0
gpu_max_DP_DIVP, = 0
gpu_max_TENSORP, = 0
gpu_max_TEXP, = 0
gpu_max_SCHEDP, = 0.777677
gpu_max_L2CP, = 23.3506
gpu_max_MCP, = 5.71061
gpu_max_NOCP, = 15.6947
gpu_max_DRAMP, = 67.8161
gpu_max_PIPEP, = 15.7795
gpu_max_IDLE_COREP, = 0
gpu_max_CONSTP = 1
gpu_max_STATICP = 0
gpu_max_TOT_INST, = 7382
gpu_max_FP_INT, = 7084
gpu_max_IC_H, = 3697
gpu_max_IC_M, = 0
gpu_max_DC_RH, = 173
gpu_max_DC_RM, = 491
gpu_max_DC_WH, = 0
gpu_max_DC_WM, = 171
gpu_max_TC_H, = 0
gpu_max_TC_M, = 0
gpu_max_CC_H, = 0
gpu_max_CC_M, = 0
gpu_max_SHRD_ACC, = 0
gpu_max_REG_RD, = 382784
gpu_max_REG_WR, = 203872
gpu_max_NON_REG_OPs, = 67520
gpu_max_INT_ACC, = 97152
gpu_max_FPU_ACC, = 10688
gpu_max_DPU_ACC, = 0
gpu_max_INT_MUL24_ACC, = 0
gpu_max_INT_MUL32_ACC, = 44192
gpu_max_INT_MUL_ACC, = 0
gpu_max_INT_DIV_ACC, = 0
gpu_max_FP_MUL_ACC, = 37056
gpu_max_FP_DIV_ACC, = 0
gpu_max_FP_SQRT_ACC, = 0
gpu_max_FP_LG_ACC, = 0
gpu_max_FP_SIN_ACC, = 0
gpu_max_FP_EXP_ACC, = 0
gpu_max_DP_MUL_ACC, = 0
gpu_max_DP_DIV_ACC, = 0
gpu_max_TENSOR_ACC, = 0
gpu_max_TEX_ACC, = 0
gpu_max_MEM_RD, = 1295
gpu_max_MEM_WR, = 49
gpu_max_MEM_PRE, = 25
gpu_max_L2_RH, = 950
gpu_max_L2_RM, = 1138
gpu_max_L2_WH, = 0
gpu_max_L2_WM, = 592
gpu_max_NOC_A, = 4048
gpu_max_PIPE_A, = 0.462734
gpu_max_IDLE_CORE_N, = 0
gpu_max_constant_power = 0

Kernel Minimum Power Data:
kernel_min_power = 24.5443
gpu_min_IBP, = 0.000838472
gpu_min_ICP, = 0.0073584
gpu_min_DCP, = 0.13976
gpu_min_TCP, = 0
gpu_min_CCP, = 0
gpu_min_SHRDP, = 0
gpu_min_RFP, = 0.251921
gpu_min_INTP, = 0.00173915
gpu_min_FPUP, = 0.0591599
gpu_min_DPUP, = 0
gpu_min_INT_MUL24P, = 0
gpu_min_INT_MUL32P, = 0.0364061
gpu_min_INT_MULP, = 0
gpu_min_INT_DIVP, = 0
gpu_min_FP_MULP, = 0.242707
gpu_min_FP_DIVP, = 0
gpu_min_FP_SQRTP, = 0
gpu_min_FP_LGP, = 0
gpu_min_FP_SINP, = 0
gpu_min_FP_EXP, = 0
gpu_min_DP_MULP, = 0
gpu_min_DP_DIVP, = 0
gpu_min_TENSORP, = 0
gpu_min_TEXP, = 0
gpu_min_SCHEDP, = 0.0113073
gpu_min_L2CP, = 1.74261
gpu_min_MCP, = 1.37153
gpu_min_NOCP, = 0.662994
gpu_min_DRAMP, = 2.4992
gpu_min_PIPEP, = 0.311451
gpu_min_IDLE_COREP, = 16.2053
gpu_min_CONSTP = 1
gpu_min_STATICP = 0
gpu_min_TOT_INST, = 116
gpu_min_FP_INT, = 103
gpu_min_IC_H, = 58
gpu_min_IC_M, = 0
gpu_min_DC_RH, = 13
gpu_min_DC_RM, = 13
gpu_min_DC_WH, = 0
gpu_min_DC_WM, = 7
gpu_min_TC_H, = 0
gpu_min_TC_M, = 0
gpu_min_CC_H, = 0
gpu_min_CC_M, = 0
gpu_min_SHRD_ACC, = 0
gpu_min_REG_RD, = 7872
gpu_min_REG_WR, = 3552
gpu_min_NON_REG_OPs, = 896
gpu_min_INT_ACC, = 768
gpu_min_FPU_ACC, = 640
gpu_min_DPU_ACC, = 0
gpu_min_INT_MUL24_ACC, = 0
gpu_min_INT_MUL32_ACC, = 192
gpu_min_INT_MUL_ACC, = 0
gpu_min_INT_DIV_ACC, = 0
gpu_min_FP_MUL_ACC, = 1280
gpu_min_FP_DIV_ACC, = 0
gpu_min_FP_SQRT_ACC, = 0
gpu_min_FP_LG_ACC, = 0
gpu_min_FP_SIN_ACC, = 0
gpu_min_FP_EXP_ACC, = 0
gpu_min_DP_MUL_ACC, = 0
gpu_min_DP_DIV_ACC, = 0
gpu_min_TENSOR_ACC, = 0
gpu_min_TEX_ACC, = 0
gpu_min_MEM_RD, = 40
gpu_min_MEM_WR, = 16
gpu_min_MEM_PRE, = 0
gpu_min_L2_RH, = 36
gpu_min_L2_RM, = 40
gpu_min_L2_WH, = 0
gpu_min_L2_WM, = 51
gpu_min_NOC_A, = 171
gpu_min_PIPE_A, = 0.00913333
gpu_min_IDLE_CORE_N, = 10.192
gpu_min_constant_power = 0

Accumulative Power Statistics Over Previous Kernels:
gpu_tot_avg_power = 139.078
gpu_tot_max_power = 173.2
gpu_tot_min_power = 7.13761


kernel_name = _Z11hotspotOpt1PfS_S_fiiifffffff 
kernel_launch_uid = 3 

Kernel Average Power Data:
kernel_avg_power = 138.645
gpu_avg_IBP, = 0.0418702
gpu_avg_ICP, = 0.367451
gpu_avg_DCP, = 3.93323
gpu_avg_TCP, = 0
gpu_avg_CCP, = 0
gpu_avg_SHRDP, = 0
gpu_avg_RFP, = 13.0748
gpu_avg_INTP, = 0.162554
gpu_avg_FPUP, = 1.1759
gpu_avg_DPUP, = 0
gpu_avg_INT_MUL24P, = 0
gpu_avg_INT_MUL32P, = 6.03024
gpu_avg_INT_MULP, = 0
gpu_avg_INT_DIVP, = 0
gpu_avg_FP_MULP, = 5.59952
gpu_avg_FP_DIVP, = 0
gpu_avg_FP_SQRTP, = 0
gpu_avg_FP_LGP, = 0
gpu_avg_FP_SINP, = 0
gpu_avg_FP_EXP, = 0
gpu_avg_DP_MULP, = 0
gpu_avg_DP_DIVP, = 0
gpu_avg_TENSORP, = 0
gpu_avg_TEXP, = 0
gpu_avg_SCHEDP, = 0.589151
gpu_avg_L2CP, = 20.2134
gpu_avg_MCP, = 5.24765
gpu_avg_NOCP, = 13.4476
gpu_avg_DRAMP, = 54.5881
gpu_avg_PIPEP, = 12.9034
gpu_avg_IDLE_COREP, = 0.269798
gpu_avg_CONSTP = 1
gpu_avg_STATICP = 0
gpu_avg_TOT_INST, = 5792.61
gpu_avg_FP_INT, = 5366.68
gpu_avg_IC_H, = 2896.31
gpu_avg_IC_M, = 0
gpu_avg_DC_RH, = 382.494
gpu_avg_DC_RM, = 423.385
gpu_avg_DC_WH, = 0
gpu_avg_DC_WM, = 113.581
gpu_avg_TC_H, = 0
gpu_avg_TC_M, = 0
gpu_avg_CC_H, = 0
gpu_avg_CC_M, = 0
gpu_avg_SHRD_ACC, = 0
gpu_avg_REG_RD, = 299399
gpu_avg_REG_WR, = 161397
gpu_avg_NON_REG_OPs, = 64059.5
gpu_avg_INT_ACC, = 71782.9
gpu_avg_FPU_ACC, = 12721.1
gpu_avg_DPU_ACC, = 0
gpu_avg_INT_MUL24_ACC, = 0
gpu_avg_INT_MUL32_ACC, = 31802.6
gpu_avg_INT_MUL_ACC, = 0
gpu_avg_INT_DIV_ACC, = 0
gpu_avg_FP_MUL_ACC, = 29531
gpu_avg_FP_DIV_ACC, = 0
gpu_avg_FP_SQRT_ACC, = 0
gpu_avg_FP_LG_ACC, = 0
gpu_avg_FP_SIN_ACC, = 0
gpu_avg_FP_EXP_ACC, = 0
gpu_avg_DP_MUL_ACC, = 0
gpu_avg_DP_DIV_ACC, = 0
gpu_avg_TENSOR_ACC, = 0
gpu_avg_TEX_ACC, = 0
gpu_avg_MEM_RD, = 911.355
gpu_avg_MEM_WR, = 227.331
gpu_avg_MEM_PRE, = 181.906
gpu_avg_L2_RH, = 1136.46
gpu_avg_L2_RM, = 911.355
gpu_avg_L2_WH, = 0
gpu_avg_L2_WM, = 454.322
gpu_avg_NOC_A, = 3468.42
gpu_avg_PIPE_A, = 0.378392
gpu_avg_IDLE_CORE_N, = 0.169685
gpu_avg_constant_power = 0
gpu_avg_threads_per_warp = 32
gpu_tot_TOT_INST, = 3.34234e+06
gpu_tot_FP_INT, = 3.09658e+06
gpu_tot_IC_H, = 1.67117e+06
gpu_tot_IC_M, = 0
gpu_tot_DC_RH, = 220699
gpu_tot_DC_RM, = 244293
gpu_tot_DC_WH, = 0
gpu_tot_DC_WM, = 65536
gpu_tot_TC_H, = 0
gpu_tot_TC_M, = 0
gpu_tot_CC_H, = 0
gpu_tot_CC_M, = 0
gpu_tot_SHRD_ACC, = 0
gpu_tot_REG_RD, = 1.72753e+08
gpu_tot_REG_WR, = 9.31263e+07
gpu_tot_NON_REG_OPs, = 3.69623e+07
gpu_tot_INT_ACC, = 4.14188e+07
gpu_tot_FPU_ACC, = 7.34006e+06
gpu_tot_DPU_ACC, = 0
gpu_tot_INT_MUL24_ACC, = 0
gpu_tot_INT_MUL32_ACC, = 1.83501e+07
gpu_tot_INT_MUL_ACC, = 0
gpu_tot_INT_DIV_ACC, = 0
gpu_tot_FP_MUL_ACC, = 1.70394e+07
gpu_tot_FP_DIV_ACC, = 0
gpu_tot_FP_SQRT_ACC, = 0
gpu_tot_FP_LG_ACC, = 0
gpu_tot_FP_SIN_ACC, = 0
gpu_tot_FP_EXP_ACC, = 0
gpu_tot_DP_MUL_ACC, = 0
gpu_tot_DP_DIV_ACC, = 0
gpu_tot_TENSOR_ACC, = 0
gpu_tot_TEX_ACC, = 0
gpu_tot_MEM_RD, = 525852
gpu_tot_MEM_WR, = 131170
gpu_tot_MEM_PRE, = 104960
gpu_tot_L2_RH, = 655740
gpu_tot_L2_RM, = 525852
gpu_tot_L2_WH, = 0
gpu_tot_L2_WM, = 262144
gpu_tot_NOC_A, = 2.00128e+06
gpu_tot_PIPE_A, = 218.332
gpu_tot_IDLE_CORE_N, = 97.908
gpu_tot_constant_power = 0

Kernel Maximum Power Data:
kernel_max_power = 165.401
gpu_max_IBP, = 0.0787441
gpu_max_ICP, = 0.689659
gpu_max_DCP, = 5.41887
gpu_max_TCP, = 0
gpu_max_CCP, = 0
gpu_max_SHRDP, = 0
gpu_max_RFP, = 32.059
gpu_max_INTP, = 0.396961
gpu_max_FPUP, = 0
gpu_max_DPUP, = 0
gpu_max_INT_MUL24P, = 0
gpu_max_INT_MUL32P, = 11.8744
gpu_max_INT_MULP, = 0
gpu_max_INT_DIVP, = 0
gpu_max_FP_MULP, = 6.3832
gpu_max_FP_DIVP, = 0
gpu_max_FP_SQRTP, = 0
gpu_max_FP_LGP, = 0
gpu_max_FP_SINP, = 0
gpu_max_FP_EXP, = 0
gpu_max_DP_MULP, = 0
gpu_max_DP_DIVP, = 0
gpu_max_TENSORP, = 0
gpu_max_TEXP, = 0
gpu_max_SCHEDP, = 1.11228
gpu_max_L2CP, = 6.23616
gpu_max_MCP, = 5.4619
gpu_max_NOCP, = 10.9879
gpu_max_DRAMP, = 59.0263
gpu_max_PIPEP, = 24.6752
gpu_max_IDLE_COREP, = 0
gpu_max_CONSTP = 1
gpu_max_STATICP = 0
gpu_max_TOT_INST, = 10894
gpu_max_FP_INT, = 10132
gpu_max_IC_H, = 5436
gpu_max_IC_M, = 0
gpu_max_DC_RH, = 887
gpu_max_DC_RM, = 228
gpu_max_DC_WH, = 0
gpu_max_DC_WM, = 0
gpu_max_TC_H, = 0
gpu_max_TC_M, = 0
gpu_max_CC_H, = 0
gpu_max_CC_M, = 0
gpu_max_SHRD_ACC, = 0
gpu_max_REG_RD, = 463584
gpu_max_REG_WR, = 299552
gpu_max_NON_REG_OPs, = 205024
gpu_max_INT_ACC, = 175296
gpu_max_FPU_ACC, = 0
gpu_max_DPU_ACC, = 0
gpu_max_INT_MUL24_ACC, = 0
gpu_max_INT_MUL32_ACC, = 62624
gpu_max_INT_MUL_ACC, = 0
gpu_max_INT_DIV_ACC, = 0
gpu_max_FP_MUL_ACC, = 33664
gpu_max_FP_DIV_ACC, = 0
gpu_max_FP_SQRT_ACC, = 0
gpu_max_FP_LG_ACC, = 0
gpu_max_FP_SIN_ACC, = 0
gpu_max_FP_EXP_ACC, = 0
gpu_max_DP_MUL_ACC, = 0
gpu_max_DP_DIV_ACC, = 0
gpu_max_TENSOR_ACC, = 0
gpu_max_TEX_ACC, = 0
gpu_max_MEM_RD, = 1058
gpu_max_MEM_WR, = 166
gpu_max_MEM_PRE, = 26
gpu_max_L2_RH, = 1071
gpu_max_L2_RM, = 1116
gpu_max_L2_WH, = 0
gpu_max_L2_WM, = 0
gpu_max_NOC_A, = 2834
gpu_max_PIPE_A, = 0.7236
gpu_max_IDLE_CORE_N, = 0
gpu_max_constant_power = 0

Kernel Minimum Power Data:
kernel_min_power = 23.3012
gpu_min_IBP, = 0.000130108
gpu_min_ICP, = 0.00114182
gpu_min_DCP, = 0.0283474
gpu_min_TCP, = 0
gpu_min_CCP, = 0
gpu_min_SHRDP, = 0
gpu_min_RFP, = 0.0406281
gpu_min_INTP, = 0.000144929
gpu_min_FPUP, = 0.01479
gpu_min_DPUP, = 0
gpu_min_INT_MUL24P, = 0
gpu_min_INT_MUL32P, = 0
gpu_min_INT_MULP, = 0
gpu_min_INT_DIVP, = 0
gpu_min_FP_MULP, = 0.0485414
gpu_min_FP_DIVP, = 0
gpu_min_FP_SQRTP, = 0
gpu_min_FP_LGP, = 0
gpu_min_FP_SINP, = 0
gpu_min_FP_EXP, = 0
gpu_min_DP_MULP, = 0
gpu_min_DP_DIVP, = 0
gpu_min_TENSORP, = 0
gpu_min_TEXP, = 0
gpu_min_SCHEDP, = 0.00153691
gpu_min_L2CP, = 0.385473
gpu_min_MCP, = 1.26207
gpu_min_NOCP, = 0.178349
gpu_min_DRAMP, = 1.14414
gpu_min_PIPEP, = 0.0682011
gpu_min_IDLE_COREP, = 19.1277
gpu_min_CONSTP = 1
gpu_min_STATICP = 0
gpu_min_TOT_INST, = 18
gpu_min_FP_INT, = 14
gpu_min_IC_H, = 9
gpu_min_IC_M, = 0
gpu_min_DC_RH, = 2
gpu_min_DC_RM, = 2
gpu_min_DC_WH, = 0
gpu_min_DC_WM, = 3
gpu_min_TC_H, = 0
gpu_min_TC_M, = 0
gpu_min_CC_H, = 0
gpu_min_CC_M, = 0
gpu_min_SHRD_ACC, = 0
gpu_min_REG_RD, = 1568
gpu_min_REG_WR, = 640
gpu_min_NON_REG_OPs, = 96
gpu_min_INT_ACC, = 64
gpu_min_FPU_ACC, = 160
gpu_min_DPU_ACC, = 0
gpu_min_INT_MUL24_ACC, = 0
gpu_min_INT_MUL32_ACC, = 0
gpu_min_INT_MUL_ACC, = 0
gpu_min_INT_DIV_ACC, = 0
gpu_min_FP_MUL_ACC, = 256
gpu_min_FP_DIV_ACC, = 0
gpu_min_FP_SQRT_ACC, = 0
gpu_min_FP_LG_ACC, = 0
gpu_min_FP_SIN_ACC, = 0
gpu_min_FP_EXP_ACC, = 0
gpu_min_DP_MUL_ACC, = 0
gpu_min_DP_DIV_ACC, = 0
gpu_min_TENSOR_ACC, = 0
gpu_min_TEX_ACC, = 0
gpu_min_MEM_RD, = 16
gpu_min_MEM_WR, = 10
gpu_min_MEM_PRE, = 5
gpu_min_L2_RH, = 4
gpu_min_L2_RM, = 12
gpu_min_L2_WH, = 0
gpu_min_L2_WM, = 12
gpu_min_NOC_A, = 46
gpu_min_PIPE_A, = 0.002
gpu_min_IDLE_CORE_N, = 12.03
gpu_min_constant_power = 0

Accumulative Power Statistics Over Previous Kernels:
gpu_tot_avg_power = 138.933
gpu_tot_max_power = 173.2
gpu_tot_min_power = 7.13761


kernel_name = _Z11hotspotOpt1PfS_S_fiiifffffff 
kernel_launch_uid = 4 

Kernel Average Power Data:
kernel_avg_power = 139.304
gpu_avg_IBP, = 0.042089
gpu_avg_ICP, = 0.369371
gpu_avg_DCP, = 3.94638
gpu_avg_TCP, = 0
gpu_avg_CCP, = 0
gpu_avg_SHRDP, = 0
gpu_avg_RFP, = 13.1454
gpu_avg_INTP, = 0.163403
gpu_avg_FPUP, = 1.18203
gpu_avg_DPUP, = 0
gpu_avg_INT_MUL24P, = 0
gpu_avg_INT_MUL32P, = 6.06176
gpu_avg_INT_MULP, = 0
gpu_avg_INT_DIVP, = 0
gpu_avg_FP_MULP, = 5.62877
gpu_avg_FP_DIVP, = 0
gpu_avg_FP_SQRTP, = 0
gpu_avg_FP_LGP, = 0
gpu_avg_FP_SINP, = 0
gpu_avg_FP_EXP, = 0
gpu_avg_DP_MULP, = 0
gpu_avg_DP_DIVP, = 0
gpu_avg_TENSORP, = 0
gpu_avg_TEXP, = 0
gpu_avg_SCHEDP, = 0.59223
gpu_avg_L2CP, = 20.4292
gpu_avg_MCP, = 5.26734
gpu_avg_NOCP, = 13.6119
gpu_avg_DRAMP, = 54.7929
gpu_avg_PIPEP, = 12.9708
gpu_avg_IDLE_COREP, = 0.100081
gpu_avg_CONSTP = 1
gpu_avg_STATICP = 0
gpu_avg_TOT_INST, = 5822.88
gpu_avg_FP_INT, = 5394.73
gpu_avg_IC_H, = 2911.44
gpu_avg_IC_M, = 0
gpu_avg_DC_RH, = 379.636
gpu_avg_DC_RM, = 430.422
gpu_avg_DC_WH, = 0
gpu_avg_DC_WM, = 114.172
gpu_avg_TC_H, = 0
gpu_avg_TC_M, = 0
gpu_avg_CC_H, = 0
gpu_avg_CC_M, = 0
gpu_avg_SHRD_ACC, = 0
gpu_avg_REG_RD, = 300963
gpu_avg_REG_WR, = 162431
gpu_avg_NON_REG_OPs, = 64394.3
gpu_avg_INT_ACC, = 72158.1
gpu_avg_FPU_ACC, = 12787.4
gpu_avg_DPU_ACC, = 0
gpu_avg_INT_MUL24_ACC, = 0
gpu_avg_INT_MUL32_ACC, = 31968.8
gpu_avg_INT_MUL_ACC, = 0
gpu_avg_INT_DIV_ACC, = 0
gpu_avg_FP_MUL_ACC, = 29685.2
gpu_avg_FP_DIV_ACC, = 0
gpu_avg_FP_SQRT_ACC, = 0
gpu_avg_FP_LG_ACC, = 0
gpu_avg_FP_SIN_ACC, = 0
gpu_avg_FP_EXP_ACC, = 0
gpu_avg_DP_MUL_ACC, = 0
gpu_avg_DP_DIV_ACC, = 0
gpu_avg_TENSOR_ACC, = 0
gpu_avg_TEX_ACC, = 0
gpu_avg_MEM_RD, = 915.735
gpu_avg_MEM_WR, = 228.254
gpu_avg_MEM_PRE, = 176.552
gpu_avg_L2_RH, = 1162.2
gpu_avg_L2_RM, = 915.735
gpu_avg_L2_WH, = 0
gpu_avg_L2_WM, = 456.669
gpu_avg_NOC_A, = 3510.78
gpu_avg_PIPE_A, = 0.380371
gpu_avg_IDLE_CORE_N, = 0.0629443
gpu_avg_constant_power = 0
gpu_avg_threads_per_warp = 32
gpu_tot_TOT_INST, = 3.34233e+06
gpu_tot_FP_INT, = 3.09657e+06
gpu_tot_IC_H, = 1.67117e+06
gpu_tot_IC_M, = 0
gpu_tot_DC_RH, = 217911
gpu_tot_DC_RM, = 247062
gpu_tot_DC_WH, = 0
gpu_tot_DC_WM, = 65535
gpu_tot_TC_H, = 0
gpu_tot_TC_M, = 0
gpu_tot_CC_H, = 0
gpu_tot_CC_M, = 0
gpu_tot_SHRD_ACC, = 0
gpu_tot_REG_RD, = 1.72753e+08
gpu_tot_REG_WR, = 9.32356e+07
gpu_tot_NON_REG_OPs, = 3.69623e+07
gpu_tot_INT_ACC, = 4.14188e+07
gpu_tot_FPU_ACC, = 7.33997e+06
gpu_tot_DPU_ACC, = 0
gpu_tot_INT_MUL24_ACC, = 0
gpu_tot_INT_MUL32_ACC, = 1.83501e+07
gpu_tot_INT_MUL_ACC, = 0
gpu_tot_INT_DIV_ACC, = 0
gpu_tot_FP_MUL_ACC, = 1.70393e+07
gpu_tot_FP_DIV_ACC, = 0
gpu_tot_FP_SQRT_ACC, = 0
gpu_tot_FP_LG_ACC, = 0
gpu_tot_FP_SIN_ACC, = 0
gpu_tot_FP_EXP_ACC, = 0
gpu_tot_DP_MUL_ACC, = 0
gpu_tot_DP_DIV_ACC, = 0
gpu_tot_TENSOR_ACC, = 0
gpu_tot_TEX_ACC, = 0
gpu_tot_MEM_RD, = 525632
gpu_tot_MEM_WR, = 131018
gpu_tot_MEM_PRE, = 101341
gpu_tot_L2_RH, = 667104
gpu_tot_L2_RM, = 525632
gpu_tot_L2_WH, = 0
gpu_tot_L2_WM, = 262128
gpu_tot_NOC_A, = 2.01519e+06
gpu_tot_PIPE_A, = 218.333
gpu_tot_IDLE_CORE_N, = 36.13
gpu_tot_constant_power = 0

Kernel Maximum Power Data:
kernel_max_power = 157.86
gpu_max_IBP, = 0.0474749
gpu_max_ICP, = 0.416637
gpu_max_DCP, = 4.32117
gpu_max_TCP, = 0
gpu_max_CCP, = 0
gpu_max_SHRDP, = 0
gpu_max_RFP, = 14.7309
gpu_max_INTP, = 0.188843
gpu_max_FPUP, = 1.26898
gpu_max_DPUP, = 0
gpu_max_INT_MUL24P, = 0
gpu_max_INT_MUL32P, = 7.49358
gpu_max_INT_MULP, = 0
gpu_max_INT_DIVP, = 0
gpu_max_FP_MULP, = 5.86138
gpu_max_FP_DIVP, = 0
gpu_max_FP_SQRTP, = 0
gpu_max_FP_LGP, = 0
gpu_max_FP_SINP, = 0
gpu_max_FP_EXP, = 0
gpu_max_DP_MULP, = 0
gpu_max_DP_DIVP, = 0
gpu_max_TENSORP, = 0
gpu_max_TEXP, = 0
gpu_max_SCHEDP, = 0.665811
gpu_max_L2CP, = 24.8894
gpu_max_MCP, = 5.67102
gpu_max_NOCP, = 14.9775
gpu_max_DRAMP, = 61.7956
gpu_max_PIPEP, = 14.5314
gpu_max_IDLE_COREP, = 0
gpu_max_CONSTP = 1
gpu_max_STATICP = 0
gpu_max_TOT_INST, = 6568
gpu_max_FP_INT, = 6065
gpu_max_IC_H, = 3284
gpu_max_IC_M, = 0
gpu_max_DC_RH, = 437
gpu_max_DC_RM, = 451
gpu_max_DC_WH, = 0
gpu_max_DC_WM, = 115
gpu_max_TC_H, = 0
gpu_max_TC_M, = 0
gpu_max_CC_H, = 0
gpu_max_CC_M, = 0
gpu_max_SHRD_ACC, = 0
gpu_max_REG_RD, = 340544
gpu_max_REG_WR, = 184288
gpu_max_NON_REG_OPs, = 71456
gpu_max_INT_ACC, = 83392
gpu_max_FPU_ACC, = 13728
gpu_max_DPU_ACC, = 0
gpu_max_INT_MUL24_ACC, = 0
gpu_max_INT_MUL32_ACC, = 39520
gpu_max_INT_MUL_ACC, = 0
gpu_max_INT_DIV_ACC, = 0
gpu_max_FP_MUL_ACC, = 30912
gpu_max_FP_DIV_ACC, = 0
gpu_max_FP_SQRT_ACC, = 0
gpu_max_FP_LG_ACC, = 0
gpu_max_FP_SIN_ACC, = 0
gpu_max_FP_EXP_ACC, = 0
gpu_max_DP_MUL_ACC, = 0
gpu_max_DP_DIV_ACC, = 0
gpu_max_TENSOR_ACC, = 0
gpu_max_TEX_ACC, = 0
gpu_max_MEM_RD, = 1069
gpu_max_MEM_WR, = 205
gpu_max_MEM_PRE, = 156
gpu_max_L2_RH, = 1291
gpu_max_L2_RM, = 924
gpu_max_L2_WH, = 0
gpu_max_L2_WM, = 581
gpu_max_NOC_A, = 3863
gpu_max_PIPE_A, = 0.426133
gpu_max_IDLE_CORE_N, = 0
gpu_max_constant_power = 0

Kernel Minimum Power Data:
kernel_min_power = 26.1505
gpu_min_IBP, = 0.000520431
gpu_min_ICP, = 0.00456728
gpu_min_DCP, = 0.123615
gpu_min_TCP, = 0
gpu_min_CCP, = 0
gpu_min_SHRDP, = 0
gpu_min_RFP, = 0.157013
gpu_min_INTP, = 0.000579716
gpu_min_FPUP, = 0.0502859
gpu_min_DPUP, = 0
gpu_min_INT_MUL24P, = 0
gpu_min_INT_MUL32P, = 0.00606768
gpu_min_INT_MULP, = 0
gpu_min_INT_DIVP, = 0
gpu_min_FP_MULP, = 0.188098
gpu_min_FP_DIVP, = 0
gpu_min_FP_SQRTP, = 0
gpu_min_FP_LGP, = 0
gpu_min_FP_SINP, = 0
gpu_min_FP_EXP, = 0
gpu_min_DP_MULP, = 0
gpu_min_DP_DIVP, = 0
gpu_min_TENSORP, = 0
gpu_min_TEXP, = 0
gpu_min_SCHEDP, = 0.00658676
gpu_min_L2CP, = 1.517
gpu_min_MCP, = 1.45281
gpu_min_NOCP, = 0.639732
gpu_min_DRAMP, = 3.28811
gpu_min_PIPEP, = 0.231884
gpu_min_IDLE_COREP, = 17.4836
gpu_min_CONSTP = 1
gpu_min_STATICP = 0
gpu_min_TOT_INST, = 72
gpu_min_FP_INT, = 60
gpu_min_IC_H, = 36
gpu_min_IC_M, = 0
gpu_min_DC_RH, = 10
gpu_min_DC_RM, = 7
gpu_min_DC_WH, = 0
gpu_min_DC_WM, = 13
gpu_min_TC_H, = 0
gpu_min_TC_M, = 0
gpu_min_CC_H, = 0
gpu_min_CC_M, = 0
gpu_min_SHRD_ACC, = 0
gpu_min_REG_RD, = 5664
gpu_min_REG_WR, = 2272
gpu_min_NON_REG_OPs, = 448
gpu_min_INT_ACC, = 256
gpu_min_FPU_ACC, = 544
gpu_min_DPU_ACC, = 0
gpu_min_INT_MUL24_ACC, = 0
gpu_min_INT_MUL32_ACC, = 32
gpu_min_INT_MUL_ACC, = 0
gpu_min_INT_DIV_ACC, = 0
gpu_min_FP_MUL_ACC, = 992
gpu_min_FP_DIV_ACC, = 0
gpu_min_FP_SQRT_ACC, = 0
gpu_min_FP_LG_ACC, = 0
gpu_min_FP_SIN_ACC, = 0
gpu_min_FP_EXP_ACC, = 0
gpu_min_DP_MUL_ACC, = 0
gpu_min_DP_DIV_ACC, = 0
gpu_min_TENSOR_ACC, = 0
gpu_min_TEX_ACC, = 0
gpu_min_MEM_RD, = 44
gpu_min_MEM_WR, = 36
gpu_min_MEM_PRE, = 2
gpu_min_L2_RH, = 12
gpu_min_L2_RM, = 36
gpu_min_L2_WH, = 0
gpu_min_L2_WM, = 48
gpu_min_NOC_A, = 165
gpu_min_PIPE_A, = 0.0068
gpu_min_IDLE_CORE_N, = 10.996
gpu_min_constant_power = 0

Accumulative Power Statistics Over Previous Kernels:
gpu_tot_avg_power = 139.026
gpu_tot_max_power = 173.2
gpu_tot_min_power = 7.13761


